node   1  (   0,    0) (   6,    3) (   7,    4) (   5,    5) (   3,    5) (   3,    5) (   3,    5) (   3,    4) (   3,    3) (   3,    2)
          (   3,    1) (   3,    5) (   3,    5) (   3,    5) (   3,    4) (   3,    3) (   3,    4) (   3,    2) (   3,    4) (   3,    1)
          (   3,    6) (   3,    5) (   3,    4) (   3,    4) (   3,    3) (   3,    4) (   3,    2) (   3,    4) (   3,    6) (   3,    2)
          (   3,    5) (   3,    3) (   3,    3) (   3,    6) (   3,    4) (   3,    7) (   3,    2) (   3,    5) (   3,    1) (   3,    2)
          (   3,    1) (   3,    3) (   3,    4) (   3,    3) (   3,    2) (   3,    4) (   3,    2) (   3,    2) (   3,    3) (   3,    3)
          (   3,    5) (   3,    4) (   2,    1) (   3,    2) (   3,    3) (   3,    4) (   3,    6) (   3,    1) (   3,    2) (   3,    6)
          (   3,    4) (   3,    4) (   2,    2) (   3,    1) (   1,    3) (   3,    4) (   3,    4) (   2,    3) (   1,    2) (   3,    2)
          (   3,    1) (   2,    3) (   3,    2) (   2,    0) (   3,    2) (   2,    3) (   2,    1) (   2,    1) (   2,    4) (   3,    5)
          (   3,    5) (   3,    3) (   2,    3) (   2,    1) (   2,    2) (   2,    2) (   2,    2) (   3,    1) (   3,    4) (   2,    1)
          (   3,    1) (   3,    1) (   3,    4) (   3,    4) (   2,    0) (   3,    3) (   3,    4) (   2,    1) (   3,    1) (   1,    2)
          (   3,    2) (   3,    1) (   3,    1) (   3,    2) (   3,    3) (   3,    2) (   2,    5) (   2,    2) (   3,    2) (   3,    3)
          (   3,    2) (   3,    3) (   3,    1) (   2,    3) (   3,    4) (   3,    0) (   2,    2) (   3,    3) (   3,    3) (   3,    2)
          (   3,    3) (   3,    3) (   3,    2) (   3,    4) (   3,    4) (   2,    3) (   3,    3) (   2,    2) (   2,    6) (   3,    1)
          (   2,    1) (   3,    3) (   3,    3) (   2,    4) (   3,    3) (   3,    1) (   3,    1) (   2,    3) (   3,    3) (   3,    1)
          (   2,    3) (   3,    2) (   2,    2) (   3,    2) (   3,    1) (   3,    4) (   2,    2) (   3,    2) (   3,    4) (   3,    2)
          (   3,    5) (   2,    5) (   2,    4) (   3,    4) (   1,    3) (   3,    2) (   3,    4) (   3,    5) (   3,    2) (   2,    4)
          (   3,    3) (   3,    4) (   3,    2) (   3,    4) (   3,    3) (   3,    4) (   3,    3) (   3,    7) (   3,    3) (   2,    3)
          (   2,    5) (   2,    2) (   3,    3) (   2,    3) (   3,    3) (   3,    1) (   3,    0) (   3,    2) (   3,    2) (   3,    4)
          (   2,    3) (   3,    1) (   3,    3) (   2,    2) (   3,    1) (   3,    2) (   2,    0) (   3,    4) (   3,    5) (   2,    4)
          (   3,    2) (   2,    3) (   3,    2) (   3,    2) (   3,    1) (   3,    2) (   3,    2) (   3,    2) (   3,    2) (   3,    2)
          (   3,    3) (   3,    2) (   3,    1) (   3,    3) (   2,    4) (   3,    2) (   3,    3) (   3,    4) (   3,    1) (   3,    4)
          (   3,    2) (   3,    2) (   2,    3) (   2,    3) (   3,    2) (   3,    5) (   3,    2) (   3,    4) (   2,    2) (   3,    3)
          (   3,    2) (   3,    2) (   3,    7) (   3,    1) (   3,    4) (   2,    5) (   3,    1) (   2,    3) (   3,    3) (   3,    1)
          (   3,    5) (   3,    3) (   3,    4) (   3,    3) (   3,    4) (   3,    1) (   3,    2) (   3,    4) (   2,    3) (   2,    3)
          (   2,    2) (   3,    4) (   2,    2) (   2,    4) (   3,    2) (   2,    2) (   3,    1) (   3,    1) (   2,    4) (   3,    1)
          (   1,    2) (   3,    0) (   2,    4) (   3,    2) (   3,    1) (   3,    3) (   3,    4) (   3,    1) (   3,    2) (   2,    3)
          (   3,    1) (   2,    4) (   2,    2) (   3,    3) (   3,    2) (   2,    5) (   3,    1) (   2,    1) (   3,    4) (   3,    2)
          (   3,    1) (   3,    5) (   3,    2) (   2,    2) (   3,    3) (   2,    5) (   3,    2) (   3,    2) (   2,    3) (   3,    2)
          (   3,    1) (   3,    2) (   2,    2) (   2,    8) (   3,    3) (   3,    1) (   3,    4) (   3,    2) (   2,    5) (   3,    2)
          (   3,    3) (   2,    2) (   3,    6) (   2,    3) (   3,    3) (   3,    0) (   3,    3) (   3,    3) (   3,    3) (   3,    3)
          (   3,    3) (   3,    1) (   3,    6) (   3,    4) (   3,    4) (   3,    5) (   3,    5) (   3,    2) (   3,    4) (   3,    4)
          (   3,    5) (   3,    4) (   3,    5) (   3,    3) (   3,    3) (   3,    4) (   3,    2) (   3,    2) (   3,    1) (   3,    4)
          (   3,    4) (   3,    2) (   3,    6) (   3,    5) (   3,    2) (   3,    3) (   3,    3) (   3,    3) (   3,    1) (   3,    2)
          (   3,    5) (   3,    4) (   3,    4) (   3,    6) (   3,    3) (   3,    2) (   3,    5) (   3,    4) (   3,    3) (   3,    1)
          (   3,    2) (   3,    1) (   3,    5) (   3,    3) (   3,    5) (   3,    1) (   3,    4) (   3,    3) (   3,    5) (   3,    4)
          (   3,    0) (   3,    3) (   3,    4) (   3,    6) (   3,    2) (   3,    6) (   3,    4) (   3,    1) (   3,    1) (   3,    1)
          (   3,    3) (   3,    1) (   3,    1) (   3,    3) (   3,    3) (   3,    4) (   3,    5) (   3,    1) (   3,    3) (   3,    3)
          (   3,    3) (   3,    3) (   3,    4) (   3,    5) (   3,    4) (   3,    4) (   3,    4) (   3,    2) (   3,    2) (   3,    2)
          (   3,    5) (   3,    4) (   3,    5) (   3,    4) (   3,    3) (   3,    2) (   3,    4) (   3,    3) (   3,    1) (   3,    4)
          (   3,    3) (   3,    0) (   3,    1) (   3,    2) (   3,    2) (   3,    4) (   3,    4) (   3,    5) (   3,    4) (   3,    5)
          (   3,    3) (   3,    3) (   3,    4) (   3,    4) (   3,    3) (   3,    1) (   3,    6) (   3,    5) (   3,    3) (   3,    1)
          (   3,    2) (   3,    1) (   3,    4) (   3,    2) (   3,    4) (   3,    2) (   3,    3) (   3,    4) (   3,    2) (   3,    3)
          (   3,    3) (   3,    2) (   3,    4) (   3,    3) (   3,    1) (   3,    4) (   3,    4) (   3,    3) (   3,    3) (   3,    2)
          (   3,    6) (   3,    1) (   3,    4) (   3,    6) (   3,    3) (   3,    0) (   3,    3) (   3,    4) (   3,    4) (   3,    4)
          (   3,    2) (   3,    4) (   3,    3) (   3,    2) (   3,    3) (   3,    3) (   3,    3) (   3,    2) (   3,    4) (   3,    3)
          (   3,    3) (   3,    4) (   3,    5) (   3,    4) (   3,    4) (   3,    4) (   3,    1) (   3,    2) (   3,    3) (   3,    2)
          (   3,    2) (   3,    4) (   3,    6) (   3,    2) (   3,    6) (   3,    3) (   3,    2) (   3,    2) (   3,    3) (   3,    3)
          (   3,    2) (   3,    2) (   3,    4) (   3,    3) (   3,    2) (   3,    3) (   3,    3) (   3,    6) (   3,    0) (   3,    5)
          (   3,    5) (   3,    4) (   3,    3) (   3,    6) (   3,    5) (   3,    5) (   3,    4) (   3,    3) (   3,    2) (   3,    3)
          (   3,    3) (   3,    5) (   3,    1) (   3,    4) (   3,    2) (   3,    0) (   3,    2) (   3,    5) (   3,    2) (   3,    3)
          (   3,    4) (   3,    1) (   3,    2) (   3,    6) (   3,    3) (   3,    3) (   3,    2) (   3,    4) (   3,    3) (   3,    3)
          (   3,    3) (   3,    4) (   3,    1) (   3,    2) (   3,    4) (   3,    2) (   3,    2) (   3,    2) (   3,    2) (   3,    4)
          (   3,    5) (   3,    2) (   3,    5) (   3,    3) (   3,    1) (   3,    3) (   3,    3) (   3,    1) (   3,    4) (   3,    4)
          (   3,    6) (   3,    2) (   3,    4) (   3,    4) (   3,    3) (   3,    2) (   3,    3) (   3,    4) (   3,    4) (   3,    0)
          (   3,    3) (   3,    5) (   3,    5) (   3,    1) (   3,    2) (   3,    4) (   3,    2) (   3,    1) (   3,    1) (   3,    2)
          (   3,    4) (   3,    3) (   3,    4) (   3,    7) (   3,    2) (   3,    3) (   3,    2) (   3,    5) (   3,    2) (   3,    3)
          (   3,    4) (   3,    5) (   3,    3) (   3,    2) (   3,    3) (   3,    0) (   3,    6) (   3,    5) (   3,    3) (   3,    4)
          (   3,    2) (   3,    3) (   3,    2) (   3,    4) (   3,    2) (   3,    1) (   3,    4) (   3,    5) (   3,    3) (   3,    6)
          (   3,    3) (   3,    3) (   3,    4) (   3,    3) (   3,    2) (   3,    3) (   3,    2) (   3,    3) (   3,    2) (   3,    4)
          (   3,    3) (   3,    5) (   3,    2) (   3,    1) (   3,    2) (   3,    3) (   3,    5) (   3,    3) (   3,    0) (   3,    3)
          (   3,    0) (   3,    1) (   3,    3) (   3,    3) (   3,    6) (   3,    2) (   3,    2) (   3,    3) (   3,    2) (   3,    1)
          (   3,    2) (   3,    4) (   3,    5) (   3,    2) (   3,    2) (   3,    4) (   3,    2) (   3,    2) (   3,    3) (   3,    4)
          (   3,    4) (   3,    3) (   3,    3) (   3,    2) (   3,    2) (   3,    4) (   3,    5) (   3,    2) (   3,    4) (   3,    3)
          (   3,    3) (   3,    5) (   3,    3) (   3,    3) (   3,    4) (   3,    4) (   3,    4) (   3,    3) (   3,    3) (   3,    2)
          (   3,    1) (   3,    5) (   3,    3) (   3,    2) (   3,    0) (   3,    4) (   3,    1) (   3,    6) (   3,    1) (   3,    1)
          (   3,    3) (   3,    2) (   3,    3) (   3,    6) (   3,    4) (   3,    4) (   3,    5) (   3,    1) (   3,    3) (   3,    3)
          (   3,    4) (   3,    3) (   3,    1) (   3,    4) (   3,    3) (   3,    4) (   3,    3) (   3,    5) (   3,    3) (   3,    4)
          (   3,    2) (   3,    2) (   3,    1) (   3,    1) (   3,    6) (   3,    2) (   3,    4) (   3,    6) (   3,    4) (   3,    3)
          (   3,    4) (   3,    2) (   3,    3) (   3,    3) (   3,    1) (   3,    1) (   3,    4) (   3,    2) (   3,    2) (   3,    4)
          (   3,    5) (   3,    3) (   3,    3) (   3,    0) (   3,    3) (   3,    6) (   3,    3) (   3,    1) (   3,    3) (   3,    4)
         
node   1 sent_total   2027  recv_total   2088

node   2  (   1,    0) (   0,    0) (   3,    2) (   3,    2) (   3,    4) (   3,    2) (   3,    3) (   3,    6) (   3,    1) (   3,    3)
          (   3,    3) (   3,    1) (   3,    3) (   3,    3) (   3,    2) (   3,    6) (   3,    2) (   3,    2) (   3,    3) (   3,    3)
          (   3,    5) (   3,    4) (   3,    4) (   3,    1) (   3,    2) (   3,    5) (   3,    2) (   3,    2) (   3,    5) (   3,    3)
          (   3,    3) (   3,    3) (   3,    5) (   3,    3) (   3,    4) (   3,    1) (   3,    2) (   3,    4) (   3,    3) (   3,    1)
          (   3,    4) (   3,    5) (   3,    1) (   3,    0) (   3,    2) (   3,    2) (   3,    5) (   3,    3) (   3,    2) (   3,    8)
          (   3,    5) (   2,    1) (   2,    4) (   3,    3) (   3,    2) (   3,    4) (   2,    3) (   3,    1) (   3,    2) (   3,    4)
          (   2,    2) (   3,    3) (   2,    2) (   2,    3) (   2,    5) (   3,    2) (   3,    4) (   2,    1) (   3,    5) (   2,    2)
          (   3,    4) (   1,    4) (   3,    1) (   3,    1) (   3,    2) (   2,    2) (   3,    3) (   3,    3) (   3,    6) (   3,    3)
          (   2,    2) (   3,    4) (   2,    3) (   3,    2) (   3,    3) (   3,    2) (   3,    4) (   3,    3) (   3,    2) (   2,    2)
          (   3,    3) (   3,    4) (   3,    2) (   2,    1) (   1,    4) (   3,    3) (   2,    2) (   2,    3) (   3,    3) (   3,    2)
          (   3,    2) (   3,    4) (   3,    2) (   3,    2) (   3,    2) (   3,    3) (   3,    5) (   3,    1) (   3,    0) (   3,    4)
          (   2,    2) (   3,    3) (   3,    0) (   3,    0) (   3,    1) (   3,    4) (   2,    2) (   3,    2) (   3,    1) (   3,    2)
          (   2,    3) (   3,    5) (   3,    2) (   3,    0) (   3,    1) (   3,    4) (   3,    3) (   3,    4) (   3,    2) (   3,    3)
          (   2,    2) (   3,    1) (   3,    2) (   3,    2) (   3,    5) (   2,    4) (   3,    3) (   2,    1) (   2,    5) (   3,    3)
          (   3,    1) (   3,    2) (   1,    3) (   3,    5) (   3,    2) (   3,    5) (   3,    2) (   3,    2) (   2,    1) (   3,    2)
          (   2,    4) (   3,    1) (   3,    2) (   3,    2) (   2,    1) (   3,    6) (   3,    1) (   3,    2) (   3,    2) (   3,    1)
          (   3,    2) (   2,    3) (   2,    2) (   3,    4) (   2,    2) (   3,    1) (   3,    3) (   3,    4) (   3,    5) (   3,    3)
          (   2,    2) (   2,    3) (   2,    4) (   3,    2) (   1,    2) (   3,    4) (   3,    4) (   3,    6) (   3,    2) (   3,    1)
          (   3,    3) (   3,    3) (   3,    2) (   3,    2) (   3,    1) (   3,    3) (   3,    4) (   3,    1) (   3,    3) (   3,    1)
          (   3,    4) (   3,    3) (   3,    2) (   3,    4) (   3,    0) (   3,    4) (   3,    1) (   2,    4) (   2,    3) (   3,    2)
          (   2,    2) (   3,    4) (   3,    4) (   2,    4) (   2,    2) (   3,    2) (   3,    3) (   3,    2) (   2,    3) (   3,    2)
          (   3,    3) (   1,    4) (   3,    2) (   3,    2) (   3,    2) (   3,    2) (   3,    2) (   3,    2) (   3,    3) (   3,    3)
          (   3,    3) (   3,    3) (   2,    4) (   3,    2) (   3,    2) (   3,    4) (   3,    4) (   3,    2) (   3,    0) (   3,    3)
          (   2,    2) (   3,    5) (   3,    2) (   3,    3) (   2,    2) (   2,    2) (   3,    4) (   3,    2) (   3,    4) (   3,    1)
          (   3,    5) (   3,    0) (   3,    3) (   3,    2) (   3,    2) (   3,    2) (   2,    3) (   2,    3) (   2,    4) (   3,    5)
          (   3,    2) (   3,    3) (   2,    3) (   3,    2) (   3,    3) (   3,    2) (   3,    1) (   2,    4) (   3,    2) (   3,    2)
          (   3,    5) (   3,    3) (   3,    1) (   1,    3) (   2,    4) (   3,    3) (   3,    3) (   3,    2) (   3,    2) (   3,    3)
          (   3,    5) (   2,    4) (   3,    2) (   3,    2) (   3,    3) (   3,    4) (   3,    3) (   3,    3) (   3,    2) (   3,    3)
          (   3,    3) (   3,    2) (   2,    3) (   2,    4) (   2,    1) (   3,    5) (   3,    2) (   3,    1) (   3,    5) (   3,    3)
          (   3,    3) (   2,    3) (   2,    3) (   2,    3) (   3,    4) (   3,    2) (   2,    2) (   3,    3) (   3,    3) (   3,    2)
          (   3,    1) (   3,    3) (   3,    4) (   3,    3) (   3,    3) (   3,    3) (   3,    2) (   3,    5) (   3,    2) (   3,    3)
          (   3,    3) (   3,    1) (   3,    1) (   3,    4) (   3,    4) (   3,    3) (   3,    5) (   3,    2) (   3,    2) (   3,    6)
          (   3,    2) (   3,    1) (   3,    3) (   3,    4) (   3,    2) (   3,    3) (   3,    3) (   3,    4) (   3,    4) (   3,    3)
          (   3,    1) (   3,    2) (   3,    4) (   3,    4) (   3,    2) (   3,    5) (   3,    4) (   3,    5) (   3,    3) (   3,    3)
          (   3,    5) (   3,    1) (   3,    2) (   3,    4) (   3,    5) (   3,    5) (   3,    2) (   3,    2) (   3,    2) (   3,    3)
          (   3,    4) (   3,    2) (   3,    5) (   3,    2) (   3,    1) (   3,    0) (   3,    4) (   3,    3) (   3,    5) (   3,    2)
          (   3,    1) (   3,    2) (   3,    4) (   3,    3) (   3,    4) (   3,    5) (   3,    2) (   3,    1) (   3,    0) (   3,    2)
          (   3,    1) (   3,    2) (   3,    2) (   3,    2) (   3,    0) (   3,    4) (   3,    0) (   3,    2) (   3,    3) (   3,    3)
          (   3,    2) (   3,    6) (   3,    4) (   3,    1) (   3,    2) (   3,    4) (   3,    2) (   3,    1) (   3,    1) (   3,    3)
          (   3,    5) (   3,    2) (   3,    3) (   3,    4) (   3,    4) (   3,    2) (   3,    4) (   3,    1) (   3,    3) (   3,    1)
          (   3,    0) (   3,    4) (   3,    4) (   3,    4) (   3,    4) (   3,    2) (   3,    3) (   3,    0) (   3,    1) (   3,    4)
          (   3,    2) (   3,    3) (   3,    4) (   3,    4) (   3,    2) (   3,    4) (   3,    3) (   3,    4) (   3,    4) (   3,    4)
          (   3,    2) (   3,    2) (   3,    4) (   3,    3) (   3,    1) (   3,    1) (   3,    2) (   3,    3) (   3,    4) (   3,    3)
          (   3,    4) (   3,    1) (   3,    4) (   3,    4) (   3,    6) (   3,    0) (   3,    5) (   3,    3) (   3,    3) (   3,    3)
          (   3,    2) (   3,    4) (   3,    0) (   3,    2) (   3,    2) (   3,    3) (   3,    3) (   3,    2) (   3,    3) (   3,    5)
          (   3,    4) (   3,    3) (   3,    3) (   3,    2) (   3,    3) (   3,    2) (   3,    6) (   3,    2) (   3,    2) (   3,    4)
          (   3,    3) (   3,    0) (   3,    1) (   3,    3) (   3,    2) (   3,    2) (   3,    3) (   3,    3) (   3,    0) (   3,    1)
          (   3,    4) (   3,    5) (   3,    2) (   3,    4) (   3,    0) (   3,    5) (   3,    1) (   3,    3) (   3,    5) (   3,    3)
          (   3,    3) (   3,    3) (   3,    3) (   3,    1) (   3,    3) (   3,    1) (   3,    4) (   3,    4) (   3,    3) (   3,    2)
          (   3,    5) (   3,    2) (   3,    1) (   3,    3) (   3,    2) (   3,    5) (   3,    2) (   3,    4) (   3,    4) (   3,    4)
          (   3,    4) (   3,    4) (   3,    3) (   3,    5) (   3,    3) (   3,    5) (   3,    1) (   3,    4) (   3,    3) (   3,    3)
          (   3,    5) (   3,    4) (   3,    3) (   3,    3) (   3,    1) (   3,    2) (   3,    5) (   3,    4) (   3,    1) (   3,    1)
          (   3,    3) (   3,    3) (   3,    1) (   3,    4) (   3,    4) (   3,    3) (   3,    3) (   3,    4) (   3,    1) (   3,    6)
          (   3,    3) (   3,    2) (   3,    2) (   3,    2) (   3,    2) (   3,    3) (   3,    4) (   3,    3) (   3,    4) (   3,    1)
          (   3,    5) (   3,    2) (   3,    3) (   3,    4) (   3,    4) (   3,    3) (   3,    3) (   3,    5) (   3,    3) (   3,    3)
          (   3,    3) (   3,    3) (   3,    3) (   3,    4) (   3,    1) (   3,    3) (   3,    2) (   3,    1) (   3,    6) (   3,    2)
          (   3,    5) (   3,    2) (   3,    2) (   3,    1) (   3,    3) (   3,    2) (   3,    4) (   3,    1) (   3,    3) (   3,    2)
          (   3,    4) (   3,    4) (   3,    6) (   3,    4) (   3,    3) (   3,    4) (   3,    3) (   3,    2) (   3,    4) (   3,    3)
          (   3,    1) (   3,    2) (   3,    5) (   3,    1) (   3,    3) (   3,    5) (   3,    3) (   3,    1) (   3,    4) (   3,    4)
          (   3,    5) (   3,    4) (   3,    4) (   3,    4) (   3,    0) (   3,    2) (   3,    2) (   3,    5) (   3,    3) (   3,    1)
          (   3,    5) (   3,    1) (   3,    2) (   3,    2) (   3,    2) (   3,    5) (   3,    3) (   3,    4) (   3,    2) (   3,    3)
          (   3,    4) (   3,    3) (   3,    4) (   3,    4) (   3,    3) (   3,    2) (   3,    6) (   3,    4) (   3,    1) (   3,    4)
          (   3,    1) (   3,    4) (   3,    1) (   3,    5) (   3,    4) (   3,    2) (   3,    3) (   3,    3) (   3,    4) (   3,    2)
          (   3,    4) (   3,    4) (   3,    1) (   3,    3) (   3,    5) (   3,    2) (   3,    4) (   3,    4) (   3,    3) (   3,    3)
          (   3,    6) (   3,    4) (   3,    1) (   3,    5) (   3,    4) (   3,    1) (   3,    7) (   3,    2) (   3,    3) (   3,    4)
          (   3,    2) (   3,    2) (   3,    4) (   3,    0) (   3,    3) (   3,    4) (   3,    2) (   3,    4) (   3,    5) (   3,    2)
          (   3,    6) (   3,    6) (   3,    3) (   3,    2) (   3,    4) (   3,    2) (   3,    4) (   3,    2) (   3,    3) (   3,    7)
          (   3,    2) (   3,    6) (   3,    2) (   3,    3) (   3,    0) (   3,    3) (   3,    3) (   3,    2) (   3,    1) (   3,    3)
          (   3,    3) (   3,    2) (   3,    3) (   3,    3) (   3,    4) (   3,    4) (   3,    4) (   3,    3) (   3,    5) (   3,    4)
          (   3,    3) (   3,    2) (   3,    2) (   3,    2) (   3,    3) (   3,    3) (   3,    4) (   3,    1) (   3,    3) (   3,    3)
         
node   2 sent_total   2027  recv_total   2001

node   3  (   1,    0) (   0,    0) (   3,    2) (   3,    4) (   3,    4) (   3,    4) (   3,    5) (   3,    2) (   3,    4) (   3,    1)
          (   3,    5) (   3,    5) (   3,    3) (   3,    2) (   3,    2) (   3,    5) (   3,    4) (   3,    4) (   3,    4) (   3,    2)
          (   3,    3) (   3,    1) (   3,    1) (   3,    4) (   3,    4) (   3,    1) (   3,    3) (   3,    3) (   3,    2) (   3,    3)
          (   3,    3) (   3,    3) (   3,    4) (   3,    3) (   3,    1) (   3,    7) (   3,    6) (   3,    3) (   3,    3) (   3,    2)
          (   3,    5) (   3,    2) (   3,    3) (   3,    5) (   3,    5) (   3,    4) (   3,    1) (   3,    4) (   3,    3) (   3,    1)
          (   3,    4) (   3,    3) (   3,    3) (   3,    0) (   2,    4) (   3,    1) (   3,    4) (   3,    1) (   3,    4) (   3,    1)
          (   3,    2) (   3,    3) (   3,    4) (   2,    4) (   3,    1) (   2,    2) (   3,    0) (   3,    3) (   3,    1) (   2,    1)
          (   3,    2) (   3,    4) (   3,    4) (   3,    4) (   3,    4) (   3,    3) (   3,    1) (   3,    2) (   3,    2) (   3,    1)
          (   3,    4) (   2,    1) (   2,    4) (   2,    4) (   3,    5) (   3,    8) (   3,    1) (   3,    2) (   3,    6) (   2,    0)
          (   2,    5) (   3,    3) (   3,    5) (   3,    3) (   2,    3) (   2,    4) (   3,    2) (   3,    4) (   3,    4) (   2,    3)
          (   3,    4) (   3,    4) (   3,    2) (   3,    2) (   3,    1) (   3,    1) (   2,    1) (   3,    5) (   3,    3) (   3,    2)
          (   3,    3) (   3,    2) (   2,    6) (   2,    3) (   2,    2) (   3,    2) (   3,    1) (   2,    2) (   2,    2) (   2,    5)
          (   3,    2) (   3,    2) (   3,    1) (   3,    3) (   3,    3) (   3,    1) (   3,    2) (   2,    2) (   3,    2) (   3,    1)
          (   2,    1) (   2,    3) (   3,    4) (   3,    2) (   3,    3) (   3,    2) (   3,    5) (   3,    4) (   3,    2) (   3,    3)
          (   3,    3) (   1,    2) (   3,    3) (   3,    3) (   3,    2) (   2,    3) (   2,    2) (   3,    3) (   3,    1) (   1,    4)
          (   3,    3) (   2,    4) (   3,    3) (   3,    2) (   3,    3) (   3,    1) (   3,    0) (   3,    2) (   2,    1) (   1,    1)
          (   3,    4) (   3,    2) (   1,    2) (   3,    2) (   3,    4) (   2,    2) (   3,    1) (   3,    0) (   3,    2) (   3,    1)
          (   2,    3) (   3,    2) (   3,    3) (   1,    2) (   3,    2) (   2,    5) (   3,    1) (   1,    3) (   3,    2) (   3,    2)
          (   3,    1) (   3,    5) (   3,    3) (   1,    3) (   3,    2) (   3,    2) (   3,    4) (   2,    3) (   3,    4) (   2,    2)
          (   2,    4) (   3,    3) (   2,    2) (   1,    1) (   3,    2) (   2,    4) (   3,    0) (   2,    5) (   3,    2) (   3,    3)
          (   3,    2) (   3,    2) (   3,    3) (   2,    1) (   3,    5) (   3,    2) (   2,    3) (   2,    0) (   3,    1) (   3,    2)
          (   2,    3) (   2,    4) (   2,    3) (   3,    2) (   3,    2) (   3,    3) (   3,    3) (   3,    2) (   3,    2) (   1,    1)
          (   2,    3) (   3,    2) (   3,    0) (   1,    5) (   2,    2) (   3,    3) (   3,    3) (   2,    3) (   2,    3) (   3,    2)
          (   3,    5) (   3,    1) (   3,    2) (   3,    4) (   3,    5) (   3,    4) (   3,    3) (   3,    2) (   3,    4) (   2,    3)
          (   2,    3) (   2,    0) (   3,    4) (   1,    3) (   3,    4) (   3,    3) (   3,    3) (   3,    1) (   3,    4) (   3,    4)
          (   2,    2) (   3,    5) (   3,    3) (   3,    2) (   3,    1) (   3,    3) (   3,    3) (   3,    4) (   2,    3) (   3,    4)
          (   3,    1) (   2,    2) (   2,    4) (   3,    5) (   3,    5) (   2,    1) (   2,    1) (   3,    4) (   3,    2) (   2,    2)
          (   3,    1) (   2,    1) (   3,    3) (   3,    5) (   3,    4) (   3,    5) (   2,    2) (   2,    5) (   2,    2) (   3,    1)
          (   3,    0) (   3,    3) (   2,    4) (   3,    3) (   3,    2) (   3,    3) (   2,    5) (   3,    6) (   3,    1) (   2,    8)
          (   2,    5) (   3,    3) (   2,    1) (   3,    2) (   3,    4) (   3,    1) (   2,    3) (   2,    3) (   2,    3) (   3,    0)
          (   2,    4) (   3,    2) (   3,    3) (   3,    5) (   3,    4) (   3,    2) (   3,    3) (   3,    1) (   3,    2) (   3,    3)
          (   3,    4) (   3,    2) (   3,    4) (   3,    6) (   3,    4) (   3,    6) (   3,    2) (   3,    3) (   3,    3) (   3,    1)
          (   3,    3) (   3,    3) (   3,    0) (   3,    1) (   3,    1) (   3,    3) (   3,    3) (   3,    2) (   3,    4) (   3,    4)
          (   3,    4) (   3,    3) (   3,    2) (   3,    1) (   3,    2) (   3,    4) (   3,    1) (   3,    3) (   3,    3) (   3,    2)
          (   3,    2) (   3,    4) (   3,    2) (   3,    2) (   3,    1) (   3,    5) (   3,    4) (   3,    3) (   3,    3) (   3,    0)
          (   3,    8) (   3,    4) (   3,    1) (   3,    2) (   3,    2) (   3,    1) (   3,    1) (   3,    2) (   3,    3) (   3,    5)
          (   3,    1) (   3,    4) (   3,    4) (   3,    1) (   3,    2) (   3,    4) (   3,    2) (   3,    4) (   3,    2) (   3,    2)
          (   3,    5) (   3,    3) (   3,    4) (   3,    4) (   3,    4) (   3,    0) (   3,    1) (   3,    2) (   3,    4) (   3,    4)
          (   3,    2) (   3,    1) (   3,    5) (   3,    4) (   3,    6) (   3,    5) (   3,    2) (   3,    3) (   3,    2) (   3,    3)
          (   3,    2) (   3,    4) (   3,    4) (   3,    4) (   3,    5) (   3,    1) (   3,    4) (   3,    6) (   3,    3) (   3,    6)
          (   3,    3) (   3,    3) (   3,    3) (   3,    3) (   3,    3) (   3,    4) (   3,    1) (   3,    5) (   3,    4) (   3,    4)
          (   3,    2) (   3,    4) (   3,    3) (   3,    2) (   3,    4) (   3,    3) (   3,    4) (   3,    1) (   3,    2) (   3,    3)
          (   3,    2) (   3,    4) (   3,    3) (   3,    4) (   3,    4) (   3,    3) (   3,    4) (   3,    1) (   3,    3) (   3,    1)
          (   3,    2) (   3,    4) (   3,    1) (   3,    5) (   3,    2) (   3,    4) (   3,    2) (   3,    2) (   3,    2) (   3,    3)
          (   3,    1) (   3,    2) (   3,    3) (   3,    1) (   3,    4) (   3,    6) (   3,    0) (   3,    5) (   3,    3) (   3,    4)
          (   3,    1) (   3,    3) (   3,    1) (   3,    4) (   3,    1) (   3,    7) (   3,    4) (   3,    2) (   3,    5) (   3,    2)
          (   3,    3) (   3,    4) (   3,    2) (   3,    2) (   3,    3) (   3,    1) (   3,    3) (   3,    4) (   3,    5) (   3,    4)
          (   3,    4) (   3,    2) (   3,    2) (   3,    2) (   3,    5) (   3,    4) (   3,    1) (   3,    1) (   3,    4) (   3,    4)
          (   3,    4) (   3,    0) (   3,    3) (   3,    2) (   3,    3) (   3,    4) (   3,    1) (   3,    4) (   3,    3) (   3,    2)
          (   3,    5) (   3,    2) (   3,    3) (   3,    3) (   3,    4) (   3,    5) (   3,    7) (   3,    6) (   3,    5) (   3,    3)
          (   3,    3) (   3,    2) (   3,    3) (   3,    3) (   3,    3) (   3,    4) (   3,    4) (   3,    4) (   3,    6) (   3,    4)
          (   3,    2) (   3,    1) (   3,    4) (   3,    2) (   3,    4) (   3,    1) (   3,    6) (   3,    4) (   3,    3) (   3,    4)
          (   3,    4) (   3,    3) (   3,    2) (   3,    2) (   3,    1) (   3,    6) (   3,    2) (   3,    1) (   3,    4) (   3,    3)
          (   3,    0) (   3,    3) (   3,    4) (   3,    1) (   3,    3) (   3,    1) (   3,    2) (   3,    1) (   3,    3) (   3,    2)
          (   3,    1) (   3,    3) (   3,    4) (   3,    2) (   3,    2) (   3,    3) (   3,    2) (   3,    3) (   3,    1) (   3,    1)
          (   3,    2) (   3,    1) (   3,    5) (   3,    4) (   3,    4) (   3,    3) (   3,    1) (   3,    4) (   3,    1) (   3,    6)
          (   3,    2) (   3,    0) (   3,    4) (   3,    5) (   3,    6) (   3,    4) (   3,    1) (   3,    4) (   3,    4) (   3,    2)
          (   3,    4) (   3,    3) (   3,    3) (   3,    1) (   3,    5) (   3,    4) (   3,    4) (   3,    5) (   3,    4) (   3,    2)
          (   3,    4) (   3,    2) (   3,    3) (   3,    3) (   3,    2) (   3,    3) (   3,    1) (   3,    3) (   3,    3) (   3,    3)
          (   3,    0) (   3,    1) (   3,    2) (   3,    5) (   3,    4) (   3,    1) (   3,    3) (   3,    2) (   3,    3) (   3,    3)
          (   3,    2) (   3,    5) (   3,    1) (   3,    3) (   3,    1) (   3,    2) (   3,    6) (   3,    1) (   3,    2) (   3,    3)
          (   3,    3) (   3,    3) (   3,    0) (   3,    1) (   3,    5) (   3,    4) (   3,    4) (   3,    7) (   3,    2) (   3,    4)
          (   3,    2) (   3,    4) (   3,    2) (   3,    1) (   3,    5) (   3,    2) (   3,    3) (   3,    4) (   3,    2) (   3,    5)
          (   3,    2) (   3,    3) (   3,    5) (   3,    4) (   3,    0) (   3,    4) (   3,    1) (   3,    2) (   3,    3) (   3,    5)
          (   3,    0) (   3,    2) (   3,    3) (   3,    5) (   3,    3) (   3,    2) (   3,    5) (   3,    3) (   3,    2) (   3,    3)
          (   3,    3) (   3,    5) (   3,    3) (   3,    3) (   3,    1) (   3,    2) (   3,    4) (   3,    4) (   3,    1) (   3,    3)
          (   3,    3) (   3,    1) (   3,    5) (   3,    1) (   3,    5) (   3,    3) (   3,    1) (   3,    1) (   3,    2) (   3,    1)
          (   3,    3) (   3,    2) (   3,    1) (   3,    6) (   3,    2) (   3,    5) (   3,    2) (   3,    3) (   3,    4) (   3,    1)
          (   3,    4) (   3,    3) (   3,    4) (   3,    3) (   3,    3) (   3,    3) (   3,    4) (   3,    0) (   3,    2) (   3,    2)
          (   3,    2) (   3,    1) (   3,    3) (   3,    5) (   3,    4) (   3,    4) (   3,    6) (   3,    5) (   3,    5) (   3,    3)
         
node   3 sent_total   2005  recv_total   2007

node   4  (   1,    0) (   0,    0) (   3,    2) (   3,    2) (   3,    3) (   3,    4) (   3,    1) (   3,    2) (   3,    2) (   3,    2)
          (   3,    2) (   3,    1) (   3,    2) (   3,    4) (   3,    4) (   3,    3) (   3,    4) (   3,    4) (   3,    1) (   3,    2)
          (   3,    2) (   3,    3) (   3,    2) (   3,    2) (   3,    6) (   3,    3) (   3,    4) (   3,    4) (   3,    3) (   3,    4)
          (   3,    4) (   3,    1) (   3,    2) (   3,    5) (   3,    3) (   3,    2) (   3,    4) (   3,    1) (   3,    2) (   3,    4)
          (   3,    4) (   3,    2) (   3,    4) (   3,    3) (   3,    1) (   3,    1) (   3,    3) (   3,    2) (   3,    4) (   3,    3)
          (   3,    2) (   3,    4) (   3,    2) (   2,    3) (   2,    2) (   3,    6) (   2,    1) (   3,    5) (   3,    4) (   3,    2)
          (   3,    4) (   2,    3) (   3,    2) (   3,    6) (   3,    1) (   2,    2) (   3,    1) (   3,    2) (   1,    2) (   2,    3)
          (   3,    1) (   1,    1) (   2,    2) (   3,    3) (   3,    3) (   3,    4) (   3,    3) (   3,    3) (   3,    3) (   3,    3)
          (   2,    2) (   3,    4) (   3,    2) (   3,    2) (   3,    2) (   3,    4) (   3,    3) (   3,    2) (   3,    3) (   2,    3)
          (   3,    1) (   2,    1) (   3,    4) (   3,    4) (   2,    3) (   3,    1) (   3,    0) (   3,    2) (   3,    4) (   2,    4)
          (   2,    3) (   2,    5) (   3,    3) (   3,    4) (   3,    4) (   3,    3) (   2,    3) (   2,    3) (   3,    4) (   3,    2)
          (   3,    3) (   3,    2) (   3,    4) (   3,    2) (   3,    2) (   3,    2) (   3,    4) (   3,    1) (   3,    5) (   3,    1)
          (   3,    2) (   2,    2) (   2,    2) (   3,    3) (   3,    3) (   3,    4) (   3,    1) (   3,    1) (   1,    2) (   3,    2)
          (   3,    6) (   3,    4) (   3,    3) (   2,    3) (   1,    3) (   3,    3) (   3,    2) (   3,    2) (   3,    3) (   3,    2)
          (   3,    3) (   2,    2) (   3,    4) (   3,    1) (   3,    4) (   3,    1) (   3,    5) (   2,    1) (   3,    4) (   3,    6)
          (   3,    1) (   3,    2) (   3,    3) (   3,    3) (   3,    2) (   3,    1) (   2,    4) (   3,    4) (   3,    4) (   3,    3)
          (   2,    1) (   3,    1) (   3,    6) (   3,    1) (   3,    3) (   3,    3) (   2,    4) (   3,    2) (   2,    2) (   3,    3)
          (   2,    3) (   3,    4) (   3,    2) (   3,    3) (   3,    3) (   2,    2) (   3,    2) (   3,    2) (   3,    3) (   3,    2)
          (   3,    1) (   3,    1) (   3,    2) (   3,    2) (   3,    4) (   2,    5) (   3,    3) (   3,    2) (   3,    4) (   3,    3)
          (   2,    2) (   3,    2) (   2,    2) (   3,    3) (   2,    3) (   3,    2) (   3,    1) (   2,    3) (   3,    2) (   2,    4)
          (   3,    1) (   3,    3) (   3,    3) (   3,    4) (   3,    0) (   3,    4) (   3,    3) (   3,    4) (   3,    3) (   2,    2)
          (   3,    5) (   2,    3) (   3,    1) (   3,    4) (   3,    2) (   2,    3) (   3,    2) (   3,    2) (   3,    2) (   3,    0)
          (   2,    4) (   3,    3) (   3,    3) (   3,    4) (   3,    5) (   3,    2) (   1,    1) (   3,    1) (   3,    2) (   2,    1)
          (   3,    1) (   3,    1) (   3,    1) (   3,    3) (   3,    2) (   3,    1) (   3,    0) (   3,    3) (   3,    2) (   3,    2)
          (   2,    3) (   3,    4) (   3,    1) (   3,    4) (   3,    2) (   3,    1) (   3,    4) (   3,    3) (   3,    2) (   2,    4)
          (   3,    4) (   2,    3) (   3,    2) (   3,    2) (   2,    3) (   3,    4) (   3,    3) (   3,    3) (   3,    1) (   1,    2)
          (   3,    3) (   3,    3) (   2,    1) (   3,    2) (   3,    2) (   3,    2) (   3,    3) (   3,    4) (   3,    3) (   2,    2)
          (   3,    4) (   3,    2) (   3,    5) (   3,    3) (   3,    1) (   3,    1) (   2,    3) (   3,    3) (   3,    1) (   3,    3)
          (   3,    6) (   2,    4) (   2,    2) (   3,    1) (   3,    3) (   2,    3) (   3,    3) (   2,    2) (   3,    4) (   3,    2)
          (   3,    2) (   3,    4) (   3,    1) (   3,    0) (   3,    2) (   3,    2) (   3,    1) (   3,    1) (   3,    3) (   2,    3)
          (   3,    4) (   3,    2) (   3,    2) (   3,    2) (   3,    4) (   3,    2) (   3,    3) (   3,    2) (   3,    5) (   3,    2)
          (   3,    2) (   3,    3) (   3,    4) (   3,    2) (   3,    2) (   3,    1) (   3,    3) (   3,    6) (   3,    3) (   3,    3)
          (   3,    3) (   3,    3) (   3,    0) (   3,    2) (   3,    6) (   3,    4) (   3,    5) (   3,    2) (   3,    3) (   3,    2)
          (   3,    5) (   3,    2) (   3,    3) (   3,    5) (   3,    3) (   3,    2) (   3,    6) (   3,    2) (   3,    4) (   3,    3)
          (   3,    2) (   3,    5) (   3,    4) (   3,    4) (   3,    3) (   3,    4) (   3,    5) (   3,    2) (   3,    4) (   3,    4)
          (   3,    2) (   3,    1) (   3,    4) (   3,    1) (   3,    5) (   3,    3) (   3,    4) (   3,    4) (   3,    3) (   3,    5)
          (   3,    5) (   3,    3) (   3,    2) (   3,    4) (   3,    4) (   3,    3) (   3,    1) (   3,    4) (   3,    3) (   3,    5)
          (   3,    5) (   3,    2) (   3,    3) (   3,    1) (   3,    2) (   3,    2) (   3,    3) (   3,    5) (   3,    3) (   3,    3)
          (   3,    3) (   3,    1) (   3,    1) (   3,    4) (   3,    1) (   3,    2) (   3,    5) (   3,    3) (   3,    5) (   3,    4)
          (   3,    2) (   3,    4) (   3,    3) (   3,    3) (   3,    2) (   3,    2) (   3,    2) (   3,    5) (   3,    5) (   3,    4)
          (   3,    2) (   3,    2) (   3,    1) (   3,    5) (   3,    3) (   3,    4) (   3,    3) (   3,    4) (   3,    3) (   3,    1)
          (   3,    4) (   3,    3) (   3,    1) (   3,    4) (   3,    2) (   3,    0) (   3,    3) (   3,    2) (   3,    4) (   3,    3)
          (   3,    5) (   3,    3) (   3,    1) (   3,    4) (   3,    5) (   3,    2) (   3,    5) (   3,    4) (   3,    2) (   3,    2)
          (   3,    2) (   3,    3) (   3,    3) (   3,    2) (   3,    3) (   3,    2) (   3,    5) (   3,    2) (   3,    4) (   3,    2)
          (   3,    2) (   3,    3) (   3,    3) (   3,    3) (   3,    2) (   3,    3) (   3,    2) (   3,    2) (   3,    3) (   3,    2)
          (   3,    3) (   3,    1) (   3,    1) (   3,    2) (   3,    4) (   3,    1) (   3,    3) (   3,    3) (   3,    3) (   3,    2)
          (   3,    2) (   3,    2) (   3,    1) (   3,    2) (   3,    4) (   3,    4) (   3,    2) (   3,    0) (   3,    5) (   3,    2)
          (   3,    1) (   3,    1) (   3,    2) (   3,    4) (   3,    3) (   3,    1) (   3,    3) (   3,    3) (   3,    3) (   3,    4)
          (   3,    3) (   3,    3) (   3,    6) (   3,    2) (   3,    2) (   3,    6) (   3,    1) (   3,    5) (   3,    1) (   3,    5)
          (   3,    2) (   3,    4) (   3,    3) (   3,    3) (   3,    3) (   3,    1) (   3,    2) (   3,    0) (   3,    4) (   3,    3)
          (   3,    3) (   3,    3) (   3,    3) (   3,    2) (   3,    1) (   3,    1) (   3,    5) (   3,    3) (   3,    4) (   3,    3)
          (   3,    2) (   3,    4) (   3,    2) (   3,    3) (   3,    2) (   3,    5) (   3,    6) (   3,    3) (   3,    4) (   3,    4)
          (   3,    2) (   3,    3) (   3,    6) (   3,    1) (   3,    7) (   3,    1) (   3,    5) (   3,    4) (   3,    4) (   3,    2)
          (   3,    3) (   3,    2) (   3,    5) (   3,    1) (   3,    0) (   3,    2) (   3,    3) (   3,    3) (   3,    2) (   3,    5)
          (   3,    5) (   3,    6) (   3,    3) (   3,    4) (   3,    4) (   3,    1) (   3,    3) (   3,    4) (   3,    4) (   3,    3)
          (   3,    4) (   3,    2) (   3,    1) (   3,    2) (   3,    3) (   3,    3) (   3,    4) (   3,    3) (   3,    1) (   3,    2)
          (   3,    2) (   3,    4) (   3,    4) (   3,    2) (   3,    2) (   3,    4) (   3,    4) (   3,    3) (   3,    4) (   3,    4)
          (   3,    6) (   3,    3) (   3,    1) (   3,    4) (   3,    5) (   3,    5) (   3,    4) (   3,    2) (   3,    5) (   3,    3)
          (   3,    5) (   3,    3) (   3,    3) (   3,    3) (   3,    3) (   3,    1) (   3,    5) (   3,    3) (   3,    4) (   3,    3)
          (   3,    3) (   3,    4) (   3,    3) (   3,    1) (   3,    4) (   3,    4) (   3,    3) (   3,    4) (   3,    4) (   3,    3)
          (   3,    6) (   3,    4) (   3,    3) (   3,    6) (   3,    5) (   3,    3) (   3,    3) (   3,    3) (   3,    4) (   3,    3)
          (   3,    1) (   3,    2) (   3,    1) (   3,    3) (   3,    2) (   3,    2) (   3,    2) (   3,    2) (   3,    2) (   3,    3)
          (   3,    3) (   3,    3) (   3,    4) (   3,    4) (   3,    1) (   3,    1) (   3,    2) (   3,    1) (   3,    2) (   3,    2)
          (   3,    0) (   3,    1) (   3,    3) (   3,    5) (   3,    3) (   3,    0) (   3,    3) (   3,    3) (   3,    2) (   3,    2)
          (   3,    3) (   3,    3) (   3,    4) (   3,    3) (   3,    4) (   3,    2) (   3,    4) (   3,    2) (   3,    3) (   3,    3)
          (   3,    4) (   3,    5) (   3,    6) (   3,    1) (   3,    5) (   3,    0) (   3,    1) (   3,    3) (   3,    3) (   3,    2)
          (   3,    4) (   3,    2) (   3,    4) (   3,    2) (   3,    4) (   3,    5) (   3,    3) (   3,    2) (   3,    2) (   3,    4)
          (   3,    4) (   3,    4) (   3,    3) (   3,    3) (   3,    5) (   3,    3) (   3,    2) (   3,    2) (   3,    3) (   3,    6)
          (   3,    3) (   3,    3) (   3,    3) (   3,    3) (   3,    0) (   3,    2) (   3,    3) (   3,    4) (   3,    0) (   3,    2)
          (   3,    3) (   3,    3) (   3,    6) (   3,    3) (   3,    3) (   3,    1) (   3,    1) (   3,    3) (   3,    3) (   3,    3)
         
node   4 sent_total   2033  recv_total   1983

node   5  (   0,    0) (   1,    0) (   0,    0) (   3,    1) (   3,    3) (   3,    2) (   3,    2) (   3,    5) (   3,    2) (   3,    4)
          (   3,    5) (   3,    4) (   3,    4) (   3,    3) (   3,    2) (   3,    3) (   3,    4) (   3,    3) (   3,    2) (   3,    2)
          (   3,    2) (   3,    2) (   3,    3) (   3,    2) (   3,    4) (   3,    1) (   3,    5) (   3,    2) (   3,    0) (   3,    3)
          (   3,    1) (   3,    3) (   3,    5) (   3,    2) (   3,    4) (   3,    0) (   3,    4) (   3,    3) (   3,    3) (   3,    1)
          (   3,    3) (   3,    2) (   3,    3) (   3,    4) (   3,    3) (   3,    1) (   3,    2) (   3,    5) (   3,    1) (   3,    1)
          (   3,    4) (   3,    4) (   3,    0) (   3,    2) (   3,    1) (   3,    0) (   2,    2) (   3,    3) (   3,    5) (   3,    1)
          (   3,    4) (   1,    3) (   2,    1) (   3,    2) (   2,    2) (   3,    1) (   3,    7) (   3,    2) (   2,    3) (   3,    4)
          (   3,    3) (   3,    2) (   3,    2) (   3,    4) (   3,    2) (   3,    3) (   2,    2) (   2,    1) (   3,    2) (   3,    2)
          (   2,    1) (   2,    1) (   3,    1) (   3,    1) (   2,    0) (   3,    1) (   3,    3) (   2,    3) (   3,    1) (   2,    4)
          (   2,    2) (   3,    1) (   3,    3) (   2,    2) (   3,    3) (   3,    1) (   2,    3) (   3,    2) (   3,    5) (   3,    4)
          (   3,    3) (   3,    3) (   3,    1) (   3,    4) (   2,    2) (   3,    2) (   3,    2) (   3,    2) (   3,    2) (   2,    1)
          (   1,    4) (   3,    3) (   2,    0) (   3,    4) (   2,    2) (   3,    3) (   3,    1) (   3,    1) (   1,    1) (   3,    3)
          (   3,    1) (   3,    2) (   3,    2) (   2,    1) (   3,    0) (   3,    2) (   3,    4) (   3,    4) (   3,    3) (   2,    5)
          (   3,    4) (   3,    2) (   2,    4) (   3,    1) (   2,    3) (   2,    2) (   2,    1) (   3,    3) (   3,    2) (   3,    3)
          (   3,    6) (   3,    5) (   2,    3) (   3,    3) (   3,    4) (   3,    3) (   3,    2) (   3,    5) (   3,    3) (   3,    4)
          (   2,    3) (   3,    3) (   2,    3) (   3,    2) (   3,    5) (   3,    3) (   3,    3) (   3,    2) (   3,    3) (   3,    2)
          (   3,    2) (   3,    2) (   3,    2) (   3,    4) (   3,    1) (   2,    1) (   2,    2) (   1,    3) (   2,    2) (   2,    3)
          (   3,    1) (   3,    2) (   2,    6) (   3,    0) (   3,    3) (   2,    1) (   3,    1) (   3,    5) (   3,    5) (   3,    5)
          (   2,    4) (   3,    3) (   3,    6) (   2,    5) (   3,    1) (   2,    4) (   2,    3) (   3,    6) (   2,    1) (   1,    2)
          (   1,    2) (   2,    1) (   3,    2) (   3,    3) (   3,    5) (   2,    4) (   3,    8) (   3,    0) (   3,    2) (   3,    4)
          (   3,    4) (   3,    0) (   2,    5) (   2,    2) (   3,    0) (   3,    5) (   3,    3) (   3,    6) (   3,    5) (   3,    3)
          (   2,    4) (   2,    2) (   3,    1) (   3,    4) (   2,    3) (   3,    4) (   3,    4) (   2,    2) (   2,    0) (   3,    5)
          (   3,    2) (   3,    3) (   2,    1) (   3,    2) (   3,    3) (   3,    1) (   3,    4) (   3,    2) (   3,    2) (   3,    3)
          (   2,    4) (   3,    5) (   3,    3) (   3,    3) (   3,    3) (   2,    5) (   3,    6) (   3,    2) (   3,    2) (   3,    2)
          (   3,    2) (   3,    3) (   3,    4) (   2,    2) (   3,    4) (   3,    4) (   2,    2) (   2,    3) (   2,    1) (   2,    0)
          (   1,    3) (   3,    0) (   3,    1) (   3,    5) (   3,    4) (   3,    2) (   3,    3) (   3,    2) (   2,    6) (   2,    5)
          (   3,    2) (   3,    3) (   2,    5) (   2,    0) (   2,    1) (   3,    2) (   3,    5) (   3,    3) (   3,    3) (   3,    1)
          (   3,    3) (   3,    2) (   3,    3) (   3,    3) (   3,    0) (   2,    4) (   3,    2) (   2,    1) (   3,    2) (   3,    3)
          (   3,    2) (   3,    3) (   3,    4) (   3,    1) (   3,    2) (   2,    4) (   3,    3) (   3,    2) (   3,    3) (   3,    2)
          (   3,    2) (   3,    3) (   3,    2) (   3,    5) (   3,    3) (   3,    4) (   3,    1) (   3,    2) (   1,    2) (   3,    3)
          (   3,    3) (   3,    3) (   3,    1) (   3,    3) (   3,    1) (   3,    4) (   3,    4) (   3,    4) (   3,    2) (   3,    0)
          (   3,    1) (   3,    4) (   3,    3) (   3,    5) (   3,    2) (   3,    1) (   3,    1) (   3,    3) (   3,    3) (   3,    3)
          (   3,    3) (   3,    2) (   3,    3) (   3,    4) (   3,    4) (   3,    3) (   3,    3) (   3,    3) (   3,    3) (   3,    5)
          (   3,    2) (   3,    1) (   3,    1) (   3,    5) (   3,    2) (   3,    2) (   3,    2) (   3,    3) (   3,    3) (   3,    4)
          (   3,    2) (   3,    4) (   3,    3) (   3,    1) (   3,    3) (   3,    4) (   3,    3) (   3,    3) (   3,    5) (   3,    2)
          (   3,    3) (   3,    5) (   3,    1) (   3,    3) (   3,    4) (   3,    4) (   3,    3) (   3,    4) (   3,    5) (   3,    3)
          (   3,    4) (   3,    1) (   3,    4) (   3,    6) (   3,    1) (   3,    3) (   3,    4) (   3,    4) (   3,    5) (   3,    3)
          (   3,    2) (   3,    5) (   3,    2) (   3,    3) (   3,    5) (   3,    3) (   3,    5) (   3,    3) (   3,    6) (   3,    3)
          (   3,    2) (   3,    3) (   3,    2) (   3,    3) (   3,    4) (   3,    1) (   3,    2) (   3,    3) (   3,    4) (   3,    2)
          (   3,    2) (   3,    4) (   3,    5) (   3,    2) (   3,    5) (   3,    4) (   3,    2) (   3,    3) (   3,    3) (   3,    2)
          (   3,    3) (   3,    3) (   3,    3) (   3,    2) (   3,    5) (   3,    2) (   3,    2) (   3,    3) (   3,    1) (   3,    4)
          (   3,    4) (   3,    4) (   3,    4) (   3,    6) (   3,    0) (   3,    4) (   3,    1) (   3,    3) (   3,    4) (   3,    1)
          (   3,    3) (   3,    4) (   3,    4) (   3,    3) (   3,    3) (   3,    2) (   3,    1) (   3,    2) (   3,    3) (   3,    4)
          (   3,    5) (   3,    3) (   3,    3) (   3,    0) (   3,    1) (   3,    3) (   3,    1) (   3,    0) (   3,    2) (   3,    2)
          (   3,    5) (   3,    2) (   3,    4) (   3,    5) (   3,    7) (   3,    2) (   3,    3) (   3,    3) (   3,    4) (   3,    0)
          (   3,    4) (   3,    3) (   3,    3) (   3,    2) (   3,    2) (   3,    1) (   3,    0) (   3,    4) (   3,    3) (   3,    2)
          (   3,    5) (   3,    4) (   3,    2) (   3,    4) (   3,    2) (   3,    3) (   3,    3) (   3,    4) (   3,    3) (   3,    2)
          (   3,    3) (   3,    3) (   3,    6) (   3,    3) (   3,    6) (   3,    1) (   3,    4) (   3,    4) (   3,    6) (   3,    1)
          (   3,    3) (   3,    0) (   3,    2) (   3,    4) (   3,    2) (   3,    2) (   3,    2) (   3,    4) (   3,    0) (   3,    4)
          (   3,    3) (   3,    1) (   3,    4) (   3,    3) (   3,    3) (   3,    2) (   3,    3) (   3,    2) (   3,    4) (   3,    3)
          (   3,    1) (   3,    2) (   3,    5) (   3,    1) (   3,    1) (   3,    5) (   3,    6) (   3,    3) (   3,    0) (   3,    2)
          (   3,    2) (   3,    1) (   3,    2) (   3,    4) (   3,    3) (   3,    3) (   3,    1) (   3,    2) (   3,    4) (   3,    2)
          (   3,    4) (   3,    6) (   3,    3) (   3,    4) (   3,    2) (   3,    1) (   3,    4) (   3,    5) (   3,    5) (   3,    1)
          (   3,    2) (   3,    3) (   3,    2) (   3,    6) (   3,    6) (   3,    4) (   3,    3) (   3,    4) (   3,    3) (   3,    4)
          (   3,    5) (   3,    1) (   3,    2) (   3,    4) (   3,    4) (   3,    4) (   3,    3) (   3,    2) (   3,    4) (   3,    5)
          (   3,    2) (   3,    2) (   3,    5) (   3,    2) (   3,    4) (   3,    2) (   3,    3) (   3,    1) (   3,    4) (   3,    4)
          (   3,    1) (   3,    3) (   3,    2) (   3,    2) (   3,    2) (   3,    5) (   3,    3) (   3,    4) (   3,    3) (   3,    1)
          (   3,    2) (   3,    3) (   3,    2) (   3,    1) (   3,    1) (   3,    1) (   3,    1) (   3,    1) (   3,    2) (   3,    5)
          (   3,    4) (   3,    4) (   3,    2) (   3,    5) (   3,    4) (   3,    3) (   3,    5) (   3,    5) (   3,    4) (   3,    5)
          (   3,    4) (   3,    1) (   3,    3) (   3,    3) (   3,    6) (   3,    3) (   3,    3) (   3,    2) (   3,    4) (   3,    4)
          (   3,    5) (   3,    5) (   3,    1) (   3,    4) (   3,    6) (   3,    2) (   3,    4) (   3,    4) (   3,    3) (   3,    3)
          (   3,    3) (   3,    2) (   3,    2) (   3,    3) (   3,    2) (   3,    5) (   3,    0) (   3,    3) (   3,    1) (   3,    0)
          (   3,    2) (   3,    2) (   3,    5) (   3,    5) (   3,    3) (   3,    4) (   3,    6) (   3,    2) (   3,    3) (   3,    6)
          (   3,    3) (   3,    3) (   3,    4) (   3,    2) (   3,    3) (   3,    5) (   3,    1) (   3,    3) (   3,    4) (   3,    2)
          (   3,    4) (   3,    2) (   3,    5) (   3,    4) (   3,    2) (   3,    5) (   3,    2) (   3,    0) (   3,    4) (   3,    2)
          (   3,    1) (   3,    1) (   3,    2) (   3,    4) (   3,    1) (   3,    2) (   3,    3) (   3,    4) (   3,    2) (   3,    4)
          (   3,    1) (   3,    1) (   3,    2) (   3,    2) (   3,    2) (   3,    2) (   3,    2) (   3,    2) (   3,    2) (   3,    3)
          (   3,    6) (   3,    2) (   3,    8) (   3,    3) (   3,    2) (   3,    3) (   3,    3) (   3,    1) (   3,    2) (   3,    3)
          (   3,    2) (   3,    5) (   3,    3) (   3,    2) (   3,    5) (   3,    4) (   3,    1) (   3,    5) (   3,    7) (   3,    3)
          (   3,    5) (   3,    2) (   3,    1) (   3,    3) (   3,    5) (   3,    3) (   3,    2) (   3,    4) (   3,    2) (   3,    4)
         
node   5 sent_total   2013  recv_total   1991

node   6  (   0,    0) (   1,    0) (   0,    0) (   3,    1) (   3,    1) (   3,    4) (   3,    3) (   3,    2) (   3,    2) (   3,    3)
          (   3,    2) (   3,    5) (   3,    3) (   3,    3) (   3,    2) (   3,    4) (   3,    4) (   3,    2) (   3,    3) (   3,    4)
          (   3,    1) (   3,    4) (   3,    2) (   3,    3) (   3,    3) (   3,    3) (   3,    2) (   3,    5) (   3,    3) (   3,    4)
          (   3,    1) (   3,    5) (   3,    2) (   3,    5) (   3,    4) (   3,    1) (   3,    4) (   3,    3) (   3,    5) (   3,    7)
          (   3,    3) (   3,    3) (   3,    4) (   3,    3) (   3,    4) (   3,    3) (   3,    4) (   3,    0) (   3,    3) (   3,    2)
          (   3,    1) (   2,    2) (   3,    2) (   3,    3) (   3,    5) (   3,    0) (   3,    2) (   3,    4) (   3,    4) (   3,    2)
          (   2,    2) (   3,    1) (   3,    3) (   3,    4) (   3,    2) (   3,    4) (   3,    1) (   3,    5) (   3,    3) (   3,    1)
          (   3,    2) (   3,    4) (   3,    4) (   3,    3) (   3,    4) (   3,    1) (   2,    2) (   2,    4) (   3,    0) (   3,    4)
          (   3,    4) (   2,    2) (   3,    3) (   3,    2) (   3,    2) (   3,    3) (   2,    3) (   3,    4) (   2,    1) (   2,    5)
          (   3,    3) (   2,    1) (   3,    3) (   3,    1) (   3,    5) (   3,    2) (   3,    5) (   3,    5) (   3,    3) (   3,    3)
          (   3,    2) (   3,    1) (   2,    3) (   3,    3) (   3,    4) (   3,    4) (   3,    0) (   3,    2) (   3,    1) (   2,    3)
          (   3,    0) (   3,    3) (   3,    1) (   3,    2) (   3,    2) (   3,    1) (   3,    2) (   2,    2) (   2,    4) (   3,    1)
          (   3,    2) (   3,    2) (   3,    3) (   3,    0) (   3,    3) (   3,    3) (   2,    2) (   3,    2) (   2,    2) (   3,    5)
          (   3,    0) (   3,    1) (   2,    2) (   3,    3) (   3,    1) (   3,    2) (   3,    3) (   3,    6) (   3,    2) (   3,    3)
          (   3,    4) (   2,    3) (   3,    2) (   3,    1) (   3,    2) (   1,    5) (   2,    0) (   3,    3) (   3,    2) (   2,    5)
          (   3,    1) (   3,    2) (   2,    1) (   3,    3) (   2,    3) (   3,    5) (   3,    4) (   2,    4) (   3,    3) (   3,    4)
          (   3,    2) (   2,    5) (   3,    4) (   2,    0) (   3,    4) (   2,    5) (   3,    3) (   3,    3) (   3,    3) (   2,    1)
          (   3,    2) (   3,    1) (   2,    1) (   3,    3) (   3,    3) (   1,    4) (   3,    5) (   3,    2) (   3,    2) (   2,    2)
          (   3,    2) (   3,    2) (   3,    2) (   3,    2) (   3,    1) (   2,    2) (   3,    2) (   3,    5) (   3,    3) (   3,    3)
          (   3,    0) (   3,    3) (   3,    4) (   3,    3) (   2,    3) (   3,    1) (   3,    1) (   3,    6) (   3,    1) (   3,    2)
          (   1,    4) (   3,    2) (   2,    4) (   2,    0) (   3,    2) (   3,    3) (   2,    5) (   3,    0) (   3,    4) (   3,    1)
          (   2,    1) (   3,    3) (   3,    2) (   3,    1) (   3,    6) (   3,    3) (   3,    5) (   2,    5) (   2,    2) (   3,    3)
          (   3,    5) (   2,    2) (   1,    2) (   3,    2) (   3,    3) (   2,    1) (   2,    1) (   2,    3) (   3,    2) (   2,    5)
          (   2,    3) (   2,    5) (   3,    4) (   3,    1) (   3,    4) (   2,    2) (   2,    4) (   3,    2) (   2,    3) (   3,    4)
          (   2,    1) (   3,    3) (   2,    2) (   3,    4) (   3,    2) (   3,    4) (   2,    2) (   3,    3) (   2,    3) (   2,    1)
          (   3,    3) (   3,    3) (   3,    4) (   2,    3) (   3,    2) (   3,    1) (   3,    6) (   3,    5) (   1,    4) (   3,    0)
          (   3,    1) (   3,    5) (   3,    4) (   2,    1) (   2,    3) (   3,    0) (   3,    4) (   3,    4) (   3,    1) (   3,    6)
          (   3,    3) (   3,    3) (   3,    4) (   3,    2) (   3,    4) (   3,    2) (   2,    5) (   3,    3) (   3,    2) (   3,    3)
          (   2,    7) (   3,    1) (   3,    4) (   2,    3) (   3,    2) (   3,    2) (   3,    1) (   2,    3) (   3,    3) (   3,    2)
          (   3,    4) (   3,    4) (   3,    3) (   3,    4) (   3,    1) (   3,    2) (   3,    4) (   2,    2) (   3,    1) (   3,    2)
          (   3,    1) (   3,    4) (   3,    1) (   3,    4) (   3,    5) (   3,    3) (   3,    2) (   3,    2) (   3,    2) (   3,    1)
          (   3,    4) (   3,    0) (   3,    1) (   3,    3) (   3,    2) (   3,    4) (   3,    7) (   3,    4) (   3,    6) (   3,    3)
          (   3,    4) (   3,    5) (   3,    6) (   3,    2) (   3,    4) (   3,    4) (   3,    4) (   3,    2) (   3,    2) (   3,    3)
          (   3,    2) (   3,    2) (   3,    4) (   3,    0) (   3,    4) (   3,    2) (   3,    2) (   3,    3) (   3,    3) (   3,    5)
          (   3,    2) (   3,    0) (   3,    2) (   3,    3) (   3,    0) (   3,    1) (   3,    3) (   3,    2) (   3,    1) (   3,    3)
          (   3,    1) (   3,    1) (   3,    4) (   3,    7) (   3,    4) (   3,    5) (   3,    5) (   3,    3) (   3,    6) (   3,    2)
          (   3,    4) (   3,    5) (   3,    5) (   3,    2) (   3,    4) (   3,    2) (   3,    3) (   3,    4) (   3,    3) (   3,    4)
          (   3,    3) (   3,    3) (   3,    4) (   3,    2) (   3,    1) (   3,    2) (   3,    2) (   3,    4) (   3,    2) (   3,    2)
          (   3,    3) (   3,    4) (   3,    0) (   3,    4) (   3,    1) (   3,    3) (   3,    3) (   3,    4) (   3,    1) (   3,    3)
          (   3,    4) (   3,    3) (   3,    1) (   3,    1) (   3,    4) (   3,    4) (   3,    3) (   3,    3) (   3,    3) (   3,    3)
          (   3,    3) (   3,    2) (   3,    4) (   3,    4) (   3,    2) (   3,    4) (   3,    2) (   3,    1) (   3,    1) (   3,    2)
          (   3,    4) (   3,    0) (   3,    1) (   3,    2) (   3,    4) (   3,    3) (   3,    5) (   3,    4) (   3,    4) (   3,    3)
          (   3,    0) (   3,    1) (   3,    3) (   3,    4) (   3,    3) (   3,    2) (   3,    3) (   3,    6) (   3,    1) (   3,    3)
          (   3,    4) (   3,    3) (   3,    5) (   3,    2) (   3,    6) (   3,    4) (   3,    1) (   3,    4) (   3,    3) (   3,    5)
          (   3,    4) (   3,    2) (   3,    2) (   3,    4) (   3,    3) (   3,    1) (   3,    3) (   3,    4) (   3,    3) (   3,    5)
          (   3,    5) (   3,    4) (   3,    4) (   3,    2) (   3,    5) (   3,    5) (   3,    4) (   3,    5) (   3,    5) (   3,    3)
          (   3,    4) (   3,    3) (   3,    4) (   3,    3) (   3,    0) (   3,    4) (   3,    5) (   3,    2) (   3,    1) (   3,    2)
          (   3,    3) (   3,    3) (   3,    3) (   3,    2) (   3,    2) (   3,    4) (   3,    4) (   3,    3) (   3,    2) (   3,    2)
          (   3,    1) (   3,    2) (   3,    5) (   3,    5) (   3,    4) (   3,    3) (   3,    1) (   3,    0) (   3,    4) (   3,    3)
          (   3,    2) (   3,    4) (   3,    3) (   3,    2) (   3,    2) (   3,    2) (   3,    4) (   3,    2) (   3,    3) (   3,    3)
          (   3,    3) (   3,    4) (   3,    4) (   3,    3) (   3,    2) (   3,    2) (   3,    2) (   3,    2) (   3,    2) (   3,    3)
          (   3,    4) (   3,    5) (   3,    6) (   3,    4) (   3,    1) (   3,    5) (   3,    2) (   3,    3) (   3,    3) (   3,    2)
          (   3,    1) (   3,    2) (   3,    3) (   3,    3) (   3,    3) (   3,    2) (   3,    1) (   3,    4) (   3,    3) (   3,    2)
          (   3,    2) (   3,    4) (   3,    2) (   3,    2) (   3,    4) (   3,    2) (   3,    4) (   3,    4) (   3,    3) (   3,    5)
          (   3,    2) (   3,    2) (   3,    5) (   3,    6) (   3,    3) (   3,    2) (   3,    4) (   3,    5) (   3,    3) (   3,    2)
          (   3,    2) (   3,    3) (   3,    3) (   3,    1) (   3,    1) (   3,    6) (   3,    1) (   3,    3) (   3,    1) (   3,    2)
          (   3,    5) (   3,    3) (   3,    3) (   3,    2) (   3,    3) (   3,    2) (   3,    2) (   3,    3) (   3,    2) (   3,    6)
          (   3,    2) (   3,    2) (   3,    3) (   3,    3) (   3,    2) (   3,    5) (   3,    3) (   3,    3) (   3,    1) (   3,    2)
          (   3,    1) (   3,    3) (   3,    4) (   3,    6) (   3,    5) (   3,    1) (   3,    1) (   3,    4) (   3,    3) (   3,    2)
          (   3,    5) (   3,    3) (   3,    5) (   3,    2) (   3,    6) (   3,    6) (   3,    4) (   3,    5) (   3,    2) (   3,    4)
          (   3,    3) (   3,    4) (   3,    3) (   3,    3) (   3,    0) (   3,    4) (   3,    4) (   3,    1) (   3,    3) (   3,    5)
          (   3,    2) (   3,    4) (   3,    5) (   3,    4) (   3,    5) (   3,    2) (   3,    2) (   3,    1) (   3,    4) (   3,    1)
          (   3,    6) (   3,    3) (   3,    2) (   3,    2) (   3,    2) (   3,    3) (   3,    1) (   3,    3) (   3,    0) (   3,    4)
          (   3,    1) (   3,    3) (   3,    1) (   3,    2) (   3,    1) (   3,    2) (   3,    5) (   3,    6) (   3,    0) (   3,    3)
          (   3,    2) (   3,    2) (   3,    2) (   3,    2) (   3,    8) (   3,    3) (   3,    3) (   3,    4) (   3,    1) (   3,    5)
          (   3,    3) (   3,    3) (   3,    1) (   3,    5) (   3,    3) (   3,    4) (   3,    3) (   3,    3) (   3,    1) (   3,    3)
          (   3,    3) (   3,    3) (   3,    2) (   3,    4) (   3,    0) (   3,    2) (   3,    5) (   3,    3) (   3,    4) (   3,    4)
          (   3,    2) (   3,    2) (   3,    4) (   3,    2) (   3,    2) (   3,    1) (   3,    4) (   3,    4) (   3,    2) (   3,    2)
          (   3,    4) (   3,    1) (   3,    3) (   3,    5) (   3,    2) (   3,    3) (   3,    4) (   3,    3) (   3,    3) (   3,    3)
          (   3,    0) (   3,    2) (   3,    3) (   3,    5) (   3,    3) (   3,    3) (   3,    2) (   3,    2) (   3,    4) (   3,    2)
         
node   6 sent_total   2023  recv_total   1998

node   7  (   0,    0) (   1,    0) (   0,    0) (   3,    1) (   3,    0) (   3,    3) (   3,    3) (   3,    2) (   3,    5) (   3,    2)
          (   3,    3) (   3,    3) (   3,    0) (   3,    2) (   3,    3) (   3,    1) (   3,    2) (   3,    2) (   3,    4) (   3,    5)
          (   3,    3) (   3,    2) (   3,    1) (   3,    4) (   3,    3) (   3,    3) (   3,    2) (   3,    3) (   3,    2) (   3,    4)
          (   3,    4) (   3,    2) (   3,    3) (   3,    2) (   3,    3) (   3,    4) (   3,    2) (   3,    1) (   3,    7) (   3,    4)
          (   3,    4) (   3,    4) (   3,    1) (   3,    4) (   3,    5) (   3,    5) (   3,    0) (   3,    5) (   3,    4) (   3,    2)
          (   3,    3) (   3,    4) (   2,    3) (   2,    5) (   3,    3) (   3,    1) (   3,    2) (   3,    5) (   3,    3) (   2,    4)
          (   3,    2) (   2,    0) (   3,    3) (   2,    2) (   3,    4) (   3,    2) (   2,    2) (   3,    2) (   2,    3) (   3,    2)
          (   3,    3) (   2,    4) (   3,    2) (   3,    3) (   3,    1) (   3,    4) (   3,    6) (   3,    3) (   3,    3) (   2,    1)
          (   3,    1) (   3,    2) (   3,    3) (   3,    1) (   3,    4) (   3,    3) (   1,    2) (   2,    4) (   3,    2) (   3,    3)
          (   3,    0) (   3,    4) (   3,    0) (   2,    4) (   3,    5) (   2,    4) (   3,    3) (   3,    4) (   3,    3) (   3,    4)
          (   3,    2) (   3,    6) (   3,    1) (   3,    3) (   3,    0) (   2,    4) (   3,    2) (   2,    2) (   3,    3) (   3,    3)
          (   3,    1) (   3,    5) (   3,    5) (   3,    3) (   3,    4) (   3,    4) (   2,    4) (   3,    2) (   3,    2) (   3,    2)
          (   3,    3) (   3,    3) (   3,    3) (   3,    3) (   2,    3) (   3,    3) (   2,    4) (   0,    2) (   3,    1) (   3,    3)
          (   3,    4) (   3,    3) (   3,    0) (   3,    3) (   3,    2) (   2,    3) (   3,    3) (   3,    3) (   3,    2) (   3,    6)
          (   2,    2) (   3,    1) (   2,    2) (   3,    3) (   3,    4) (   2,    3) (   1,    5) (   2,    0) (   3,    3) (   3,    1)
          (   3,    1) (   3,    3) (   3,    2) (   3,    3) (   3,    4) (   3,    3) (   3,    4) (   3,    3) (   3,    3) (   2,    4)
          (   3,    2) (   3,    2) (   2,    4) (   3,    2) (   2,    2) (   2,    4) (   3,    3) (   2,    2) (   2,    2) (   3,    3)
          (   3,    4) (   3,    4) (   1,    3) (   3,    1) (   3,    1) (   3,    3) (   2,    1) (   3,    1) (   3,    4) (   2,    4)
          (   1,    4) (   3,    4) (   2,    2) (   3,    3) (   3,    4) (   3,    3) (   3,    3) (   3,    1) (   3,    2) (   3,    2)
          (   2,    3) (   2,    2) (   3,    2) (   3,    1) (   2,    3) (   2,    3) (   3,    6) (   2,    1) (   3,    4) (   3,    3)
          (   3,    4) (   3,    2) (   3,    2) (   3,    4) (   3,    5) (   3,    1) (   3,    2) (   3,    3) (   3,    1) (   3,    4)
          (   3,    2) (   3,    2) (   2,    1) (   2,    0) (   2,    0) (   2,    3) (   2,    2) (   1,    2) (   3,    1) (   3,    4)
          (   2,    0) (   2,    1) (   3,    3) (   3,    2) (   3,    4) (   3,    3) (   2,    3) (   2,    3) (   2,    4) (   3,    4)
          (   3,    0) (   2,    2) (   2,    2) (   3,    4) (   3,    2) (   3,    3) (   3,    1) (   3,    4) (   2,    2) (   3,    3)
          (   3,    2) (   0,    3) (   2,    2) (   3,    0) (   2,    2) (   3,    1) (   3,    4) (   1,    3) (   3,    2) (   3,    1)
          (   3,    2) (   3,    2) (   3,    3) (   3,    2) (   3,    1) (   3,    5) (   1,    3) (   3,    2) (   3,    5) (   2,    2)
          (   3,    4) (   3,    1) (   3,    4) (   3,    4) (   3,    2) (   2,    3) (   3,    1) (   3,    4) (   2,    3) (   3,    5)
          (   2,    1) (   2,    5) (   3,    3) (   2,    3) (   3,    6) (   3,    1) (   3,    4) (   3,    2) (   3,    3) (   3,    3)
          (   3,    3) (   3,    3) (   2,    2) (   3,    2) (   3,    2) (   3,    1) (   2,    3) (   3,    3) (   3,    1) (   3,    2)
          (   3,    4) (   2,    3) (   2,    4) (   3,    1) (   3,    0) (   3,    2) (   3,    1) (   3,    7) (   3,    1) (   3,    2)
          (   3,    2) (   3,    2) (   3,    5) (   3,    3) (   3,    0) (   3,    3) (   3,    4) (   3,    4) (   3,    4) (   3,    6)
          (   3,    3) (   3,    5) (   3,    3) (   3,    2) (   3,    3) (   3,    5) (   3,    3) (   3,    1) (   3,    0) (   3,    3)
          (   3,    3) (   3,    5) (   3,    5) (   3,    4) (   3,    3) (   3,    2) (   3,    0) (   3,    4) (   3,    2) (   3,    5)
          (   3,    2) (   3,    4) (   3,    5) (   3,    1) (   3,    4) (   3,    4) (   3,    2) (   3,    0) (   3,    1) (   3,    3)
          (   3,    4) (   3,    7) (   3,    2) (   3,    3) (   3,    3) (   3,    4) (   3,    3) (   3,    4) (   3,    0) (   3,    2)
          (   3,    2) (   3,    4) (   3,    1) (   3,    0) (   3,    3) (   3,    4) (   3,    3) (   3,    4) (   3,    0) (   3,    1)
          (   3,    2) (   3,    5) (   3,    3) (   3,    2) (   3,    2) (   3,    0) (   3,    6) (   3,    1) (   3,    4) (   3,    3)
          (   3,    1) (   3,    7) (   3,    1) (   3,    2) (   3,    3) (   3,    4) (   3,    7) (   3,    4) (   3,    3) (   3,    3)
          (   3,    4) (   3,    2) (   3,    4) (   3,    3) (   3,    5) (   3,    4) (   3,    2) (   3,    4) (   3,    3) (   3,    4)
          (   3,    6) (   3,    4) (   3,    5) (   3,    3) (   3,    2) (   3,    3) (   3,    0) (   3,    3) (   3,    2) (   3,    2)
          (   3,    5) (   3,    5) (   3,    4) (   3,    3) (   3,    4) (   3,    7) (   3,    5) (   3,    4) (   3,    5) (   3,    4)
          (   3,    4) (   3,    6) (   3,    4) (   3,    3) (   3,    4) (   3,    5) (   3,    1) (   3,    4) (   3,    1) (   3,    4)
          (   3,    4) (   3,    3) (   3,    1) (   3,    1) (   3,    4) (   3,    4) (   3,    2) (   3,    2) (   3,    4) (   3,    4)
          (   3,    0) (   3,    5) (   3,    2) (   3,    2) (   3,    2) (   3,    5) (   3,    7) (   3,    3) (   3,    3) (   3,    1)
          (   3,    5) (   3,    2) (   3,    4) (   3,    5) (   3,    1) (   3,    6) (   3,    4) (   3,    3) (   3,    3) (   3,    7)
          (   3,    3) (   3,    2) (   3,    2) (   3,    5) (   3,    1) (   3,    3) (   3,    5) (   3,    3) (   3,    2) (   3,    4)
          (   3,    1) (   3,    4) (   3,    5) (   3,    5) (   3,    3) (   3,    4) (   3,    3) (   3,    3) (   3,    5) (   3,    5)
          (   3,    2) (   3,    6) (   3,    1) (   3,    4) (   3,    6) (   3,    4) (   3,    6) (   3,    1) (   3,    2) (   3,    4)
          (   3,    2) (   3,    5) (   3,    2) (   3,    5) (   3,    4) (   3,    1) (   3,    7) (   3,    2) (   3,    7) (   3,    2)
          (   3,    2) (   3,    1) (   3,    6) (   3,    5) (   3,    5) (   3,    5) (   3,    1) (   3,    4) (   3,    4) (   3,    1)
          (   3,    2) (   3,    4) (   3,    1) (   3,    2) (   3,    2) (   3,    0) (   3,    1) (   3,    4) (   3,    6) (   3,    3)
          (   3,    3) (   3,    3) (   3,    3) (   3,    5) (   3,    5) (   3,    2) (   3,    0) (   3,    3) (   3,    3) (   3,    2)
          (   3,    1) (   3,    1) (   3,    2) (   3,    2) (   3,    3) (   3,    5) (   3,    4) (   3,    1) (   3,    2) (   3,    2)
          (   3,    4) (   3,    4) (   3,    1) (   3,    3) (   3,    0) (   3,    6) (   3,    2) (   3,    3) (   3,    2) (   3,    3)
          (   3,    2) (   3,    3) (   3,    3) (   3,    1) (   3,    3) (   3,    4) (   3,    1) (   3,    4) (   3,    3) (   3,    4)
          (   3,    3) (   3,    6) (   3,    1) (   3,    2) (   3,    4) (   3,    5) (   3,    6) (   3,    3) (   3,    6) (   3,    1)
          (   3,    2) (   3,    4) (   3,    5) (   3,    5) (   3,    5) (   3,    3) (   3,    1) (   3,    3) (   3,    0) (   3,    1)
          (   3,    1) (   3,    1) (   3,    5) (   3,    2) (   3,    3) (   3,    1) (   3,    2) (   3,    3) (   3,    2) (   3,    3)
          (   3,    1) (   3,    3) (   3,    4) (   3,    4) (   3,    4) (   3,    0) (   3,    4) (   3,    3) (   3,    1) (   3,    4)
          (   3,    1) (   3,    2) (   3,    3) (   3,    5) (   3,    3) (   3,    2) (   3,    1) (   3,    2) (   3,    4) (   3,    4)
          (   3,    3) (   3,    4) (   3,    5) (   3,    3) (   3,    2) (   3,    4) (   3,    2) (   3,    5) (   3,    4) (   3,    5)
          (   3,    6) (   3,    3) (   3,    2) (   3,    3) (   3,    4) (   3,    3) (   3,    5) (   3,    2) (   3,    5) (   3,    4)
          (   3,    5) (   3,    3) (   3,    4) (   3,    2) (   3,    2) (   3,    2) (   3,    4) (   3,    5) (   3,    4) (   3,    2)
          (   3,    3) (   3,    2) (   3,    2) (   3,    4) (   3,    4) (   3,    1) (   3,    3) (   3,    0) (   3,    4) (   3,    2)
          (   3,    2) (   3,    5) (   3,    3) (   3,    1) (   3,    2) (   3,    3) (   3,    1) (   3,    2) (   3,    5) (   3,    2)
          (   3,    5) (   3,    5) (   3,    5) (   3,    2) (   3,    3) (   3,    3) (   3,    2) (   3,    4) (   3,    2) (   3,    6)
          (   3,    2) (   3,    4) (   3,    4) (   3,    4) (   3,    4) (   3,    3) (   3,    3) (   3,    4) (   3,    5) (   3,    0)
          (   3,    4) (   3,    2) (   3,    3) (   3,    4) (   3,    1) (   3,    4) (   3,    3) (   3,    3) (   3,    3) (   3,    3)
          (   3,    2) (   3,    3) (   3,    3) (   3,    2) (   3,    3) (   3,    4) (   3,    2) (   3,    4) (   3,    3) (   3,    3)
          (   3,    2) (   3,    4) (   3,    3) (   3,    5) (   3,    3) (   3,    2) (   3,    4) (   3,    5) (   3,    3) (   3,    4)
         
node   7 sent_total   2011  recv_total   2060

node   8  (   0,    0) (   1,    0) (   0,    0) (   3,    2) (   3,    3) (   3,    4) (   3,    3) (   3,    4) (   3,    3) (   3,    5)
          (   3,    4) (   3,    2) (   3,    4) (   3,    2) (   3,    3) (   3,    3) (   3,    2) (   3,    3) (   3,    4) (   3,    2)
          (   3,    3) (   3,    3) (   3,    4) (   3,    5) (   3,    3) (   3,    4) (   3,    4) (   3,    3) (   3,    2) (   3,    1)
          (   3,    1) (   3,    3) (   3,    2) (   3,    1) (   3,    4) (   3,    2) (   3,    4) (   3,    3) (   3,    3) (   3,    3)
          (   3,    2) (   3,    4) (   3,    4) (   3,    2) (   3,    4) (   3,    4) (   3,    4) (   3,    4) (   3,    2) (   3,    4)
          (   3,    2) (   2,    3) (   3,    5) (   3,    2) (   2,    2) (   3,    0) (   2,    3) (   3,    1) (   3,    3) (   2,    4)
          (   2,    2) (   3,    1) (   3,    6) (   3,    0) (   2,    2) (   3,    2) (   3,    2) (   3,    4) (   3,    2) (   2,    3)
          (   3,    4) (   1,    2) (   3,    2) (   3,    3) (   3,    1) (   3,    6) (   3,    4) (   2,    1) (   3,    0) (   3,    4)
          (   2,    5) (   2,    1) (   3,    3) (   3,    7) (   3,    3) (   3,    1) (   3,    3) (   3,    2) (   2,    3) (   3,    3)
          (   3,    0) (   3,    4) (   2,    1) (   2,    1) (   2,    0) (   3,    4) (   2,    3) (   3,    3) (   1,    2) (   1,    0)
          (   3,    4) (   2,    0) (   2,    6) (   3,    1) (   3,    4) (   3,    4) (   3,    3) (   2,    2) (   1,    1) (   3,    2)
          (   3,    0) (   3,    1) (   3,    4) (   3,    1) (   3,    1) (   3,    1) (   3,    4) (   3,    4) (   3,    3) (   3,    4)
          (   3,    5) (   3,    2) (   3,    5) (   3,    4) (   3,    3) (   2,    1) (   3,    2) (   3,    3) (   3,    2) (   2,    0)
          (   3,    4) (   2,    2) (   3,    4) (   3,    3) (   3,    1) (   2,    4) (   3,    4) (   2,    3) (   3,    2) (   2,    2)
          (   2,    0) (   3,    1) (   3,    3) (   3,    1) (   3,    4) (   3,    2) (   3,    3) (   3,    3) (   3,    3) (   2,    1)
          (   3,    2) (   3,    2) (   2,    3) (   2,    2) (   3,    3) (   1,    2) (   3,    1) (   3,    1) (   2,    3) (   2,    3)
          (   3,    1) (   3,    2) (   3,    1) (   3,    2) (   3,    5) (   3,    2) (   3,    1) (   3,    2) (   3,    2) (   3,    3)
          (   3,    1) (   3,    4) (   3,    2) (   3,    5) (   3,    2) (   3,    2) (   3,    4) (   2,    2) (   3,    0) (   2,    2)
          (   2,    4) (   2,    2) (   3,    4) (   3,    4) (   2,    3) (   3,    2) (   3,    1) (   3,    2) (   2,    3) (   2,    3)
          (   3,    3) (   3,    2) (   3,    5) (   2,    3) (   3,    4) (   2,    3) (   2,    2) (   2,    2) (   3,    3) (   3,    4)
          (   1,    3) (   3,    2) (   3,    2) (   3,    1) (   3,    1) (   3,    3) (   3,    3) (   1,    2) (   2,    3) (   3,    4)
          (   3,    5) (   3,    2) (   3,    3) (   3,    3) (   3,    3) (   3,    0) (   2,    2) (   3,    2) (   3,    6) (   2,    3)
          (   1,    3) (   3,    2) (   3,    2) (   3,    2) (   3,    1) (   2,    2) (   3,    3) (   3,    3) (   3,    2) (   3,    3)
          (   3,    3) (   3,    1) (   3,    6) (   3,    2) (   3,    1) (   2,    3) (   3,    3) (   3,    1) (   3,    3) (   2,    3)
          (   3,    2) (   3,    2) (   3,    1) (   3,    2) (   2,    2) (   3,    4) (   1,    3) (   3,    2) (   3,    2) (   2,    4)
          (   3,    3) (   2,    3) (   3,    2) (   3,    4) (   3,    7) (   3,    4) (   3,    2) (   3,    1) (   3,    1) (   3,    2)
          (   3,    3) (   2,    3) (   3,    1) (   3,    1) (   3,    2) (   3,    2) (   3,    1) (   3,    1) (   2,    2) (   2,    3)
          (   3,    4) (   3,    1) (   3,    2) (   3,    3) (   3,    3) (   3,    3) (   3,    3) (   3,    3) (   2,    3) (   3,    3)
          (   2,    2) (   3,    2) (   3,    4) (   3,    0) (   3,    3) (   3,    3) (   3,    2) (   3,    4) (   2,    1) (   3,    1)
          (   3,    1) (   3,    3) (   3,    3) (   3,    4) (   2,    4) (   1,    6) (   3,    6) (   3,    1) (   2,    5) (   2,    4)
          (   2,    4) (   3,    6) (   3,    3) (   3,    0) (   3,    2) (   3,    3) (   3,    2) (   3,    2) (   3,    1) (   3,    4)
          (   3,    3) (   3,    3) (   3,    3) (   3,    0) (   3,    5) (   3,    1) (   3,    3) (   3,    2) (   3,    6) (   3,    3)
          (   3,    2) (   3,    2) (   3,    3) (   3,    2) (   3,    2) (   3,    2) (   3,    4) (   3,    4) (   3,    2) (   3,    1)
          (   3,    3) (   3,    3) (   3,    2) (   3,    2) (   3,    3) (   3,    4) (   3,    1) (   3,    4) (   3,    5) (   3,    1)
          (   3,    4) (   3,    3) (   3,    3) (   3,    4) (   3,    4) (   3,    1) (   3,    1) (   3,    5) (   3,    4) (   3,    5)
          (   3,    3) (   3,    4) (   3,    4) (   3,    2) (   3,    4) (   3,    3) (   3,    2) (   3,    2) (   3,    2) (   3,    3)
          (   3,    4) (   3,    4) (   3,    0) (   3,    3) (   3,    5) (   3,    2) (   3,    2) (   3,    4) (   3,    5) (   3,    3)
          (   3,    3) (   3,    2) (   3,    3) (   3,    2) (   3,    1) (   3,    4) (   3,    2) (   3,    4) (   3,    3) (   3,    4)
          (   3,    2) (   3,    5) (   3,    2) (   3,    2) (   3,    3) (   3,    5) (   3,    3) (   3,    3) (   3,    5) (   3,    1)
          (   3,    3) (   3,    3) (   3,    2) (   3,    6) (   3,    0) (   3,    4) (   3,    4) (   3,    0) (   3,    0) (   3,    1)
          (   3,    3) (   3,    3) (   3,    2) (   3,    2) (   3,    0) (   3,    1) (   3,    2) (   3,    2) (   3,    5) (   3,    5)
          (   3,    2) (   3,    4) (   3,    4) (   3,    0) (   3,    2) (   3,    3) (   3,    3) (   3,    3) (   3,    4) (   3,    2)
          (   3,    5) (   3,    6) (   3,    4) (   3,    2) (   3,    4) (   3,    2) (   3,    3) (   3,    2) (   3,    3) (   3,    4)
          (   3,    2) (   3,    4) (   3,    3) (   3,    4) (   3,    2) (   3,    5) (   3,    1) (   3,    3) (   3,    3) (   3,    4)
          (   3,    2) (   3,    4) (   3,    3) (   3,    3) (   3,    2) (   3,    2) (   3,    5) (   3,    3) (   3,    1) (   3,    0)
          (   3,    3) (   3,    3) (   3,    3) (   3,    2) (   3,    3) (   3,    3) (   3,    3) (   3,    4) (   3,    2) (   3,    3)
          (   3,    4) (   3,    3) (   3,    3) (   3,    3) (   3,    1) (   3,    4) (   3,    3) (   3,    5) (   3,    3) (   3,    5)
          (   3,    3) (   3,    4) (   3,    3) (   3,    2) (   3,    2) (   3,    3) (   3,    1) (   3,    3) (   3,    3) (   3,    1)
          (   3,    3) (   3,    5) (   3,    1) (   3,    2) (   3,    1) (   3,    4) (   3,    4) (   3,    2) (   3,    2) (   3,    2)
          (   3,    4) (   3,    4) (   3,    2) (   3,    4) (   3,    3) (   3,    5) (   3,    3) (   3,    1) (   3,    0) (   3,    2)
          (   3,    3) (   3,    5) (   3,    2) (   3,    3) (   3,    7) (   3,    4) (   3,    2) (   3,    2) (   3,    2) (   3,    3)
          (   3,    3) (   3,    2) (   3,    3) (   3,    1) (   3,    3) (   3,    1) (   3,    3) (   3,    4) (   3,    4) (   3,    2)
          (   3,    3) (   3,    3) (   3,    3) (   3,    2) (   3,    4) (   3,    2) (   3,    4) (   3,    2) (   3,    1) (   3,    5)
          (   3,    1) (   3,    4) (   3,    4) (   3,    5) (   3,    5) (   3,    2) (   3,    4) (   3,    2) (   3,    4) (   3,    3)
          (   3,    2) (   3,    3) (   3,    0) (   3,    4) (   3,    4) (   3,    3) (   3,    7) (   3,    2) (   3,    4) (   3,    4)
          (   3,    4) (   3,    5) (   3,    2) (   3,    3) (   3,    4) (   3,    0) (   3,    2) (   3,    4) (   3,    2) (   3,    3)
          (   3,    2) (   3,    3) (   3,    0) (   3,    4) (   3,    2) (   3,    5) (   3,    3) (   3,    2) (   3,    3) (   3,    3)
          (   3,    3) (   3,    3) (   3,    3) (   3,    2) (   3,    3) (   3,    3) (   3,    3) (   3,    3) (   3,    3) (   3,    0)
          (   3,    2) (   3,    4) (   3,    0) (   3,    1) (   3,    0) (   3,    5) (   3,    3) (   3,    4) (   3,    4) (   3,    1)
          (   3,    3) (   3,    4) (   3,    2) (   3,    2) (   3,    1) (   3,    2) (   3,    3) (   3,    2) (   3,    6) (   3,    4)
          (   3,    1) (   3,    2) (   3,    6) (   3,    3) (   3,    3) (   3,    4) (   3,    1) (   3,    3) (   3,    3) (   3,    1)
          (   3,    3) (   3,    2) (   3,    2) (   3,    6) (   3,    2) (   3,    1) (   3,    3) (   3,    2) (   3,    5) (   3,    4)
          (   3,    3) (   3,    2) (   3,    2) (   3,    4) (   3,    3) (   3,    5) (   3,    2) (   3,    4) (   3,    3) (   3,    2)
          (   3,    5) (   3,    2) (   3,    3) (   3,    3) (   3,    3) (   3,    4) (   3,    4) (   3,    2) (   3,    3) (   3,    5)
          (   3,    4) (   3,    4) (   3,    4) (   3,    3) (   3,    1) (   3,    2) (   3,    2) (   3,    3) (   3,    4) (   3,    3)
          (   3,    2) (   3,    1) (   3,    1) (   3,    4) (   3,    6) (   3,    6) (   3,    4) (   3,    1) (   3,    3) (   3,    2)
          (   3,    2) (   3,    5) (   3,    4) (   3,    3) (   3,    3) (   3,    5) (   3,    3) (   3,    4) (   3,    4) (   3,    4)
          (   3,    2) (   3,    5) (   3,    3) (   3,    2) (   3,    6) (   3,    2) (   3,    3) (   3,    3) (   3,    5) (   3,    5)
          (   3,    3) (   3,    5) (   3,    2) (   3,    4) (   3,    6) (   3,    3) (   3,    4) (   3,    2) (   3,    2) (   3,    1)
          (   3,    4) (   3,    3) (   3,    3) (   3,    4) (   3,    2) (   3,    2) (   3,    1) (   3,    4) (   3,    3) (   3,    2)
         
node   8 sent_total   2012  recv_total   1958

node   9  (   0,    0) (   0,    0) (   1,    0) (   0,    0) (   3,    1) (   3,    1) (   3,    4) (   3,    2) (   3,    6) (   3,    3)
          (   3,    1) (   3,    1) (   3,    2) (   3,    2) (   3,    3) (   3,    2) (   3,    2) (   3,    3) (   3,    4) (   3,    5)
          (   3,    2) (   3,    2) (   3,    4) (   3,    2) (   3,    0) (   3,    4) (   3,    2) (   3,    2) (   3,    4) (   3,    4)
          (   3,    5) (   3,    1) (   3,    2) (   3,    1) (   3,    0) (   3,    4) (   3,    2) (   3,    4) (   3,    3) (   3,    1)
          (   3,    0) (   3,    2) (   3,    3) (   3,    3) (   3,    4) (   3,    2) (   3,    4) (   3,    2) (   3,    3) (   3,    1)
          (   3,    2) (   3,    3) (   3,    3) (   2,    6) (   2,    2) (   3,    4) (   3,    2) (   3,    3) (   1,    2) (   3,    2)
          (   2,    3) (   3,    2) (   2,    0) (   3,    2) (   3,    3) (   3,    2) (   2,    5) (   3,    3) (   3,    4) (   2,    1)
          (   2,    3) (   3,    3) (   3,    1) (   2,    4) (   3,    4) (   3,    2) (   3,    4) (   3,    2) (   3,    4) (   2,    3)
          (   3,    1) (   2,    5) (   3,    1) (   3,    5) (   2,    4) (   3,    1) (   3,    4) (   2,    2) (   3,    1) (   1,    5)
          (   3,    3) (   3,    6) (   3,    1) (   3,    4) (   3,    2) (   3,    0) (   3,    3) (   3,    1) (   3,    1) (   3,    2)
          (   3,    1) (   2,    2) (   3,    4) (   3,    2) (   3,    3) (   2,    2) (   3,    3) (   2,    3) (   3,    2) (   2,    2)
          (   3,    4) (   3,    1) (   3,    3) (   3,    3) (   2,    4) (   3,    3) (   2,    3) (   2,    3) (   3,    2) (   3,    2)
          (   3,    3) (   0,    2) (   2,    3) (   1,    4) (   2,    2) (   2,    3) (   2,    3) (   2,    4) (   2,    1) (   3,    2)
          (   2,    3) (   2,    4) (   3,    2) (   2,    4) (   3,    3) (   3,    3) (   3,    1) (   3,    1) (   3,    3) (   3,    3)
          (   3,    4) (   3,    6) (   3,    1) (   2,    3) (   3,    3) (   2,    1) (   3,    1) (   3,    3) (   3,    4) (   3,    1)
          (   3,    3) (   3,    3) (   3,    4) (   3,    2) (   3,    2) (   3,    0) (   3,    4) (   2,    3) (   3,    4) (   2,    3)
          (   2,    4) (   2,    4) (   2,    1) (   3,    3) (   3,    2) (   3,    3) (   3,    3) (   3,    2) (   3,    3) (   3,    4)
          (   3,    3) (   3,    1) (   3,    1) (   2,    3) (   2,    4) (   2,    2) (   3,    3) (   2,    3) (   2,    3) (   2,    4)
          (   3,    1) (   3,    1) (   1,    2) (   2,    1) (   3,    5) (   2,    3) (   3,    3) (   3,    1) (   3,    1) (   2,    5)
          (   3,    1) (   2,    3) (   3,    2) (   3,    5) (   2,    3) (   3,    0) (   3,    2) (   2,    3) (   3,    2) (   1,    2)
          (   2,    1) (   3,    4) (   3,    3) (   3,    6) (   3,    4) (   2,    3) (   3,    1) (   3,    4) (   2,    3) (   3,    2)
          (   3,    1) (   3,    2) (   2,    6) (   2,    4) (   2,    4) (   3,    1) (   3,    3) (   3,    4) (   3,    5) (   2,    2)
          (   3,    1) (   2,    4) (   3,    2) (   3,    3) (   2,    1) (   3,    4) (   2,    4) (   3,    2) (   2,    5) (   3,    2)
          (   3,    2) (   3,    1) (   3,    1) (   3,    3) (   3,    4) (   3,    5) (   3,    0) (   2,    6) (   2,    3) (   2,    2)
          (   3,    3) (   3,    4) (   3,    4) (   0,    3) (   2,    0) (   3,    3) (   3,    4) (   3,    3) (   3,    1) (   3,    3)
          (   3,    2) (   3,    3) (   3,    3) (   2,    3) (   3,    3) (   3,    2) (   2,    2) (   3,    2) (   3,    2) (   3,    3)
          (   3,    2) (   3,    3) (   2,    2) (   3,    3) (   3,    2) (   3,    6) (   3,    5) (   2,    3) (   3,    5) (   3,    1)
          (   3,    2) (   3,    3) (   2,    0) (   3,    3) (   3,    1) (   3,    2) (   3,    1) (   3,    2) (   3,    7) (   2,    3)
          (   3,    2) (   3,    5) (   3,    1) (   3,    0) (   2,    6) (   3,    3) (   2,    2) (   2,    1) (   3,    1) (   3,    3)
          (   3,    2) (   3,    1) (   3,    1) (   3,    2) (   2,    4) (   2,    6) (   1,    3) (   3,    1) (   2,    4) (   3,    3)
          (   3,    3) (   3,    2) (   3,    2) (   3,    3) (   3,    4) (   3,    2) (   3,    2) (   3,    5) (   3,    5) (   3,    4)
          (   3,    2) (   3,    5) (   3,    3) (   3,    2) (   3,    2) (   3,    2) (   3,    1) (   3,    4) (   3,    3) (   3,    1)
          (   3,    3) (   3,    4) (   3,    1) (   3,    3) (   3,    3) (   3,    3) (   3,    2) (   3,    3) (   3,    6) (   3,    2)
          (   3,    3) (   3,    6) (   3,    2) (   3,    3) (   3,    4) (   3,    2) (   3,    4) (   3,    3) (   3,    2) (   3,    5)
          (   3,    4) (   3,    2) (   3,    4) (   3,    3) (   3,    3) (   3,    2) (   3,    2) (   3,    3) (   3,    3) (   3,    4)
          (   3,    4) (   3,    3) (   3,    3) (   3,    4) (   3,    2) (   3,    1) (   3,    1) (   3,    4) (   3,    2) (   3,    5)
          (   3,    3) (   3,    2) (   3,    4) (   3,    3) (   3,    2) (   3,    4) (   3,    2) (   3,    4) (   3,    2) (   3,    2)
          (   3,    4) (   3,    0) (   3,    4) (   3,    6) (   3,    7) (   3,    4) (   3,    3) (   3,    1) (   3,    1) (   3,    3)
          (   3,    4) (   3,    1) (   3,    4) (   3,    2) (   3,    2) (   3,    1) (   3,    4) (   3,    3) (   3,    5) (   3,    3)
          (   3,    0) (   3,    3) (   3,    3) (   3,    2) (   3,    3) (   3,    3) (   3,    4) (   3,    1) (   3,    4) (   3,    3)
          (   3,    5) (   3,    2) (   3,    2) (   3,    0) (   3,    3) (   3,    2) (   3,    3) (   3,    3) (   3,    4) (   3,    2)
          (   3,    3) (   3,    2) (   3,    2) (   3,    4) (   3,    5) (   3,    3) (   3,    4) (   3,    2) (   3,    2) (   3,    4)
          (   3,    3) (   3,    2) (   3,    3) (   3,    3) (   3,    2) (   3,    7) (   3,    3) (   3,    4) (   3,    4) (   3,    4)
          (   3,    2) (   3,    3) (   3,    2) (   3,    2) (   3,    2) (   3,    4) (   3,    2) (   3,    6) (   3,    3) (   3,    3)
          (   3,    4) (   3,    4) (   3,    5) (   3,    2) (   3,    3) (   3,    1) (   3,    4) (   3,    3) (   3,    3) (   3,    1)
          (   3,    1) (   3,    4) (   3,    5) (   3,    4) (   3,    4) (   3,    1) (   3,    1) (   3,    2) (   3,    2) (   3,    5)
          (   3,    3) (   3,    3) (   3,    3) (   3,    3) (   3,    6) (   3,    2) (   3,    3) (   3,    4) (   3,    2) (   3,    3)
          (   3,    5) (   3,    1) (   3,    4) (   3,    3) (   3,    1) (   3,    2) (   3,    4) (   3,    3) (   3,    2) (   3,    3)
          (   3,    3) (   3,    5) (   3,    2) (   3,    0) (   3,    3) (   3,    1) (   3,    3) (   3,    3) (   3,    5) (   3,    4)
          (   3,    1) (   3,    4) (   3,    4) (   3,    0) (   3,    3) (   3,    2) (   3,    3) (   3,    3) (   3,    1) (   3,    5)
          (   3,    4) (   3,    2) (   3,    4) (   3,    2) (   3,    5) (   3,    3) (   3,    4) (   3,    1) (   3,    1) (   3,    3)
          (   3,    3) (   3,    3) (   3,    3) (   3,    3) (   3,    4) (   3,    6) (   3,    2) (   3,    2) (   3,    3) (   3,    6)
          (   3,    4) (   3,    4) (   3,    2) (   3,    6) (   3,    2) (   3,    4) (   3,    1) (   3,    5) (   3,    3) (   3,    2)
          (   3,    6) (   3,    3) (   3,    3) (   3,    3) (   3,    4) (   3,    5) (   3,    2) (   3,    3) (   3,    2) (   3,    4)
          (   3,    2) (   3,    2) (   3,    2) (   3,    1) (   3,    1) (   3,    3) (   3,    2) (   3,    1) (   3,    4) (   3,    3)
          (   3,    3) (   3,    2) (   3,    3) (   3,    2) (   3,    4) (   3,    2) (   3,    6) (   3,    3) (   3,    4) (   3,    4)
          (   3,    4) (   3,    3) (   3,    4) (   3,    4) (   3,    1) (   3,    2) (   3,    3) (   3,    2) (   3,    5) (   3,    4)
          (   3,    3) (   3,    5) (   3,    2) (   3,    6) (   3,    3) (   3,    3) (   3,    3) (   3,    3) (   3,    3) (   3,    3)
          (   3,    6) (   3,    3) (   3,    2) (   3,    1) (   3,    4) (   3,    6) (   3,    3) (   3,    1) (   3,    2) (   3,    1)
          (   3,    3) (   3,    3) (   3,    3) (   3,    4) (   3,    1) (   3,    4) (   3,    3) (   3,    2) (   3,    1) (   3,    1)
          (   3,    2) (   3,    1) (   3,    3) (   3,    0) (   3,    2) (   3,    1) (   3,    2) (   3,    3) (   3,    4) (   3,    3)
          (   3,    3) (   3,    4) (   3,    6) (   3,    1) (   3,    2) (   3,    4) (   3,    3) (   3,    4) (   3,    4) (   3,    3)
          (   3,    1) (   3,    3) (   3,    4) (   3,    2) (   3,    5) (   3,    4) (   3,    1) (   3,    3) (   3,    5) (   3,    1)
          (   3,    6) (   3,    4) (   3,    5) (   3,    1) (   3,    4) (   3,    5) (   3,    2) (   3,    4) (   3,    5) (   3,    3)
          (   3,    5) (   3,    0) (   3,    2) (   3,    2) (   3,    3) (   3,    5) (   3,    2) (   3,    5) (   3,    4) (   3,    4)
          (   3,    4) (   3,    3) (   3,    2) (   3,    2) (   3,    1) (   3,    2) (   3,    3) (   3,    3) (   3,    7) (   3,    2)
          (   3,    2) (   3,    2) (   3,    2) (   3,    5) (   3,    2) (   3,    1) (   3,    3) (   3,    4) (   3,    2) (   3,    0)
          (   3,    2) (   3,    2) (   3,    2) (   3,    3) (   3,    3) (   3,    4) (   3,    3) (   3,    3) (   3,    3) (   3,    1)
          (   3,    2) (   3,    3) (   3,    3) (   3,    2) (   3,    3) (   3,    3) (   3,    1) (   3,    4) (   3,    3) (   3,    5)
          (   3,    3) (   3,    7) (   3,    3) (   3,    0) (   3,    1) (   3,    3) (   3,    4) (   3,    2) (   3,    1) (   3,    2)
         
node   9 sent_total   1997  recv_total   1977

node  10  (   0,    0) (   0,    0) (   1,    0) (   0,    0) (   3,    2) (   3,    1) (   3,    1) (   3,    1) (   3,    2) (   3,    5)
          (   3,    4) (   3,    3) (   3,    4) (   3,    4) (   3,    5) (   3,    0) (   3,    2) (   3,    5) (   3,    1) (   3,    4)
          (   3,    3) (   3,    4) (   3,    5) (   3,    3) (   3,    2) (   3,    2) (   3,    4) (   3,    2) (   3,    3) (   3,    2)
          (   3,    3) (   3,    6) (   3,    2) (   3,    2) (   3,    3) (   3,    2) (   3,    0) (   3,    3) (   3,    0) (   3,    5)
          (   3,    4) (   3,    3) (   3,    3) (   3,    3) (   3,    0) (   3,    4) (   3,    5) (   3,    3) (   3,    5) (   3,    5)
          (   3,    2) (   3,    2) (   3,    4) (   1,    1) (   3,    1) (   2,    6) (   2,    4) (   3,    1) (   3,    1) (   3,    2)
          (   2,    3) (   3,    5) (   2,    3) (   3,    1) (   3,    4) (   2,    4) (   3,    1) (   3,    3) (   3,    3) (   3,    5)
          (   3,    2) (   3,    2) (   3,    2) (   3,    4) (   3,    5) (   3,    2) (   3,    2) (   3,    7) (   3,    2) (   3,    3)
          (   3,    3) (   3,    3) (   3,    2) (   3,    2) (   3,    3) (   3,    2) (   3,    4) (   3,    3) (   2,    4) (   2,    1)
          (   3,    3) (   3,    3) (   2,    5) (   3,    4) (   3,    1) (   3,    2) (   2,    3) (   3,    1) (   2,    2) (   3,    3)
          (   3,    1) (   0,    0) (   0,    0) (   0,    0) (   0,    0) (   0,    0) (   0,    0) (   0,    0) (   0,    0) (   0,    0)
          (   0,    0) (   0,    0) (   0,    0) (   0,    0) (   0,    0) (   0,    0) (   0,    0) (   0,    0) (   0,    0) (   0,    0)
          (   0,    0) (   0,    0) (   0,    0) (   0,    0) (   0,    0) (   0,    0) (   0,    0) (   0,    0) (   0,    0) (   0,    0)
          (   0,    0) (   0,    0) (   0,    0) (   0,    0) (   0,    0) (   0,    0) (   0,    0) (   0,    0) (   0,    0) (   0,    0)
          (   0,    0) (   0,    0) (   0,    0) (   0,    0) (   0,    0) (   0,    0) (   0,    0) (   0,    0) (   0,    0) (   0,    0)
          (   0,    0) (   0,    0) (   0,    0) (   0,    0) (   0,    0) (   0,    0) (   0,    0) (   0,    0) (   0,    0) (   0,    0)
          (   0,    0) (   0,    0) (   0,    0) (   0,    0) (   0,    0) (   0,    0) (   0,    0) (   0,    0) (   0,    0) (   0,    0)
          (   0,    0) (   0,    0) (   0,    0) (   0,    0) (   0,    0) (   0,    0) (   0,    0) (   0,    0) (   0,    0) (   0,    0)
          (   0,    0) (   0,    0) (   0,    0) (   0,    0) (   0,    0) (   0,    0) (   0,    0) (   0,    0) (   0,    0) (   0,    0)
          (   0,    0) (   0,    0) (   0,    0) (   0,    0) (   0,    0) (   0,    0) (   0,    0) (   0,    0) (   0,    0) (   0,    0)
          (   0,    0) (   0,    0) (   0,    0) (   0,    0) (   0,    0) (   0,    0) (   0,    0) (   0,    0) (   0,    0) (   0,    0)
          (   0,    0) (   0,    0) (   0,    0) (   0,    0) (   0,    0) (   0,    0) (   0,    0) (   0,    0) (   0,    0) (   0,    0)
          (   0,    0) (   0,    0) (   0,    0) (   0,    0) (   0,    0) (   0,    0) (   0,    0) (   0,    0) (   0,    0) (   0,    0)
          (   0,    0) (   0,    0) (   0,    0) (   0,    0) (   0,    0) (   0,    0) (   0,    0) (   0,    0) (   0,    0) (   0,    0)
          (   0,    0) (   0,    0) (   0,    0) (   0,    0) (   0,    0) (   0,    0) (   0,    0) (   0,    0) (   0,    0) (   0,    0)
          (   0,    0) (   0,    0) (   0,    0) (   0,    0) (   0,    0) (   0,    0) (   0,    0) (   0,    0) (   0,    0) (   0,    0)
          (   0,    0) (   0,    0) (   0,    0) (   0,    0) (   0,    0) (   0,    0) (   0,    0) (   0,    0) (   0,    0) (   0,    0)
          (   0,    0) (   0,    0) (   0,    0) (   0,    0) (   0,    0) (   0,    0) (   0,    0) (   0,    0) (   0,    0) (   0,    0)
          (   0,    0) (   0,    0) (   0,    0) (   0,    0) (   0,    0) (   0,    0) (   0,    0) (   0,    0) (   0,    0) (   0,    0)
          (   0,    0) (   0,    0) (   0,    0) (   0,    0) (   0,    0) (   0,    0) (   0,    0) (   0,    0) (   0,    0) (   0,    0)
          (   0,    0) (   0,    0) (   0,    0) (   0,    0) (   0,    0) (   0,    0) (   0,    0) (   0,    0) (   0,    0) (   0,    0)
          (   0,    0) (   0,    0) (   0,    0) (   0,    0) (   0,    0) (   0,    0) (   0,    0) (   0,    0) (   0,    0) (   0,    0)
          (   0,    0) (   0,    0) (   0,    0) (   0,    0) (   0,    0) (   0,    0) (   0,    0) (   0,    0) (   0,    0) (   0,    0)
          (   0,    0) (   0,    0) (   0,    0) (   0,    0) (   0,    0) (   0,    0) (   0,    0) (   0,    0) (   0,    0) (   0,    0)
          (   0,    0) (   0,    0) (   0,    0) (   0,    0) (   0,    0) (   0,    0) (   0,    0) (   0,    0) (   0,    0) (   0,    0)
          (   0,    0) (   0,    0) (   0,    0) (   0,    0) (   0,    0) (   0,    0) (   0,    0) (   0,    0) (   0,    0) (   0,    0)
          (   0,    0) (   0,    0) (   0,    0) (   0,    0) (   0,    0) (   0,    0) (   0,    0) (   0,    0) (   0,    0) (   0,    0)
          (   0,    0) (   0,    0) (   0,    0) (   0,    0) (   0,    0) (   0,    0) (   0,    0) (   0,    0) (   0,    0) (   0,    0)
          (   0,    0) (   0,    0) (   0,    0) (   0,    0) (   0,    0) (   0,    0) (   0,    0) (   0,    0) (   0,    0) (   0,    0)
          (   0,    0) (   0,    0) (   0,    0) (   0,    0) (   0,    0) (   0,    0) (   0,    0) (   0,    0) (   0,    0) (   0,    0)
          (   0,    0) (   0,    0) (   0,    0) (   0,    0) (   0,    0) (   0,    0) (   0,    0) (   0,    0) (   0,    0) (   0,    0)
          (   0,    0) (   0,    0) (   0,    0) (   0,    0) (   0,    0) (   0,    0) (   0,    0) (   0,    0) (   0,    0) (   0,    0)
          (   0,    0) (   0,    0) (   0,    0) (   0,    0) (   0,    0) (   0,    0) (   0,    0) (   0,    0) (   0,    0) (   0,    0)
          (   0,    0) (   0,    0) (   0,    0) (   0,    0) (   0,    0) (   0,    0) (   0,    0) (   0,    0) (   0,    0) (   0,    0)
          (   0,    0) (   0,    0) (   0,    0) (   0,    0) (   0,    0) (   0,    0) (   0,    0) (   0,    0) (   0,    0) (   0,    0)
          (   0,    0) (   0,    0) (   0,    0) (   0,    0) (   0,    0) (   0,    0) (   0,    0) (   0,    0) (   0,    0) (   0,    0)
          (   0,    0) (   0,    0) (   0,    0) (   0,    0) (   0,    0) (   0,    0) (   0,    0) (   0,    0) (   0,    0) (   0,    0)
          (   0,    0) (   0,    0) (   0,    0) (   0,    0) (   0,    0) (   0,    0) (   0,    0) (   0,    0) (   0,    0) (   0,    0)
          (   0,    0) (   0,    0) (   0,    0) (   0,    0) (   0,    0) (   0,    0) (   0,    0) (   0,    0) (   0,    0) (   0,    0)
          (   0,    0) (   0,    0) (   0,    0) (   0,    0) (   0,    0) (   0,    0) (   0,    0) (   0,    0) (   0,    0) (   0,    0)
          (   0,    0) (   0,    0) (   0,    0) (   0,    0) (   0,    0) (   0,    0) (   0,    0) (   0,    0) (   0,    0) (   0,    0)
          (   0,    0) (   0,    0) (   0,    0) (   0,    0) (   0,    0) (   0,    0) (   0,    0) (   0,    0) (   0,    0) (   0,    0)
          (   0,    0) (   0,    0) (   0,    0) (   0,    0) (   0,    0) (   0,    0) (   0,    0) (   0,    0) (   0,    0) (   0,    0)
          (   0,    0) (   0,    0) (   0,    0) (   0,    0) (   0,    0) (   0,    0) (   0,    0) (   0,    0) (   0,    0) (   0,    0)
          (   0,    0) (   0,    0) (   0,    0) (   0,    0) (   0,    0) (   0,    0) (   0,    0) (   0,    0) (   0,    0) (   0,    0)
          (   0,    0) (   0,    0) (   0,    0) (   0,    0) (   0,    0) (   0,    0) (   0,    0) (   0,    0) (   0,    0) (   0,    0)
          (   0,    0) (   0,    0) (   0,    0) (   0,    0) (   0,    0) (   0,    0) (   0,    0) (   0,    0) (   0,    0) (   0,    0)
          (   0,    0) (   0,    0) (   0,    0) (   0,    0) (   0,    0) (   0,    0) (   0,    0) (   0,    0) (   0,    0) (   0,    0)
          (   0,    0) (   0,    0) (   0,    0) (   0,    0) (   0,    0) (   0,    0) (   0,    0) (   0,    0) (   0,    0) (   0,    0)
          (   0,    0) (   0,    0) (   0,    0) (   0,    0) (   0,    0) (   0,    0) (   0,    0) (   0,    0) (   0,    0) (   0,    0)
          (   0,    0) (   0,    0) (   0,    0) (   0,    0) (   0,    0) (   0,    0) (   0,    0) (   0,    0) (   0,    0) (   0,    0)
          (   0,    0) (   0,    0) (   0,    0) (   0,    0) (   0,    0) (   0,    0) (   0,    0) (   0,    0) (   0,    0) (   0,    0)
          (   0,    0) (   0,    0) (   0,    0) (   0,    0) (   0,    0) (   0,    0) (   0,    0) (   0,    0) (   0,    0) (   0,    0)
          (   0,    0) (   0,    0) (   0,    0) (   0,    0) (   0,    0) (   0,    0) (   0,    0) (   0,    0) (   0,    0) (   0,    0)
          (   0,    0) (   0,    0) (   0,    0) (   0,    0) (   0,    0) (   0,    0) (   0,    0) (   0,    0) (   0,    0) (   0,    0)
          (   0,    0) (   0,    0) (   0,    0) (   0,    0) (   0,    0) (   0,    0) (   0,    0) (   0,    0) (   0,    0) (   0,    0)
          (   0,    0) (   0,    0) (   0,    0) (   0,    0) (   0,    0) (   0,    0) (   0,    0) (   0,    0) (   0,    0) (   0,    0)
          (   0,    0) (   0,    0) (   0,    0) (   0,    0) (   0,    0) (   0,    0) (   0,    0) (   0,    0) (   0,    0) (   0,    0)
          (   0,    0) (   0,    0) (   0,    0) (   0,    0) (   0,    0) (   0,    0) (   0,    0) (   0,    0) (   0,    0) (   0,    0)
          (   0,    0) (   0,    0) (   0,    0) (   0,    0) (   0,    0) (   0,    0) (   0,    0) (   0,    0) (   0,    0) (   0,    0)
         
node  10 sent_total    280  recv_total    277

